  [1m[36m (200.5ms)[0m  [1mCREATE TABLE "schema_migrations" ("version" varchar NOT NULL) [0m
  [1m[35m (0.0ms)[0m  select sqlite_version(*)
  [1m[36m (93.9ms)[0m  [1mCREATE UNIQUE INDEX "unique_schema_migrations" ON "schema_migrations" ("version")[0m
  [1m[35mActiveRecord::SchemaMigration Load (0.0ms)[0m  SELECT "schema_migrations".* FROM "schema_migrations"
Migrating to CreateUsers (20161202005711)
  [1m[36m (0.0ms)[0m  [1mbegin transaction[0m
  [1m[35m (1.0ms)[0m  CREATE TABLE "users" ("id" INTEGER PRIMARY KEY AUTOINCREMENT NOT NULL, "first_name" varchar, "last_name" varchar, "email_address" varchar, "age" integer, "created_at" datetime NOT NULL, "updated_at" datetime NOT NULL) 
  [1m[36mSQL (0.0ms)[0m  [1mINSERT INTO "schema_migrations" ("version") VALUES (?)[0m  [["version", "20161202005711"]]
  [1m[35m (129.8ms)[0m  commit transaction
  [1m[36mActiveRecord::SchemaMigration Load (1.0ms)[0m  [1mSELECT "schema_migrations".* FROM "schema_migrations"[0m
  [1m[36m (0.0ms)[0m  [1mbegin transaction[0m
  [1m[35mSQL (2.2ms)[0m  INSERT INTO "users" ("first_name", "last_name", "age", "created_at", "updated_at") VALUES (?, ?, ?, ?, ?)  [["first_name", "Jensen"], ["last_name", "McLaughlin"], ["age", 32], ["created_at", "2016-12-02 01:14:36.207335"], ["updated_at", "2016-12-02 01:14:36.207335"]]
  [1m[36m (134.5ms)[0m  [1mcommit transaction[0m
  [1m[35m (0.0ms)[0m  begin transaction
  [1m[36mSQL (4.0ms)[0m  [1mINSERT INTO "users" ("first_name", "last_name", "age", "created_at", "updated_at") VALUES (?, ?, ?, ?, ?)[0m  [["first_name", "Gerhard"], ["last_name", "Fay"], ["age", 30], ["created_at", "2016-12-02 01:14:36.355291"], ["updated_at", "2016-12-02 01:14:36.355291"]]
  [1m[35m (138.9ms)[0m  commit transaction
  [1m[36m (1.0ms)[0m  [1mbegin transaction[0m
  [1m[35mSQL (1.0ms)[0m  INSERT INTO "users" ("first_name", "last_name", "age", "created_at", "updated_at") VALUES (?, ?, ?, ?, ?)  [["first_name", "Johnnie"], ["last_name", "Leannon"], ["age", 17], ["created_at", "2016-12-02 01:14:36.505240"], ["updated_at", "2016-12-02 01:14:36.505240"]]
  [1m[36m (130.4ms)[0m  [1mcommit transaction[0m
  [1m[35m (0.0ms)[0m  begin transaction
  [1m[36mSQL (3.0ms)[0m  [1mINSERT INTO "users" ("first_name", "last_name", "age", "created_at", "updated_at") VALUES (?, ?, ?, ?, ?)[0m  [["first_name", "Aliza"], ["last_name", "Swaniawski"], ["age", 34], ["created_at", "2016-12-02 01:14:36.642688"], ["updated_at", "2016-12-02 01:14:36.642688"]]
  [1m[35m (133.6ms)[0m  commit transaction
  [1m[36mUser Load (0.0ms)[0m  [1mSELECT "users".* FROM "users"[0m
  [1m[35mUser Load (1.0ms)[0m  SELECT "users".* FROM "users"
  [1m[36mUser Load (1.0ms)[0m  [1mSELECT "users".* FROM "users"[0m
  [1m[35mUser Load (0.0ms)[0m  SELECT "users".* FROM "users"
  [1m[36m (0.0ms)[0m  [1mbegin transaction[0m
  [1m[35mSQL (3.0ms)[0m  INSERT INTO "users" ("first_name", "last_name", "age", "created_at", "updated_at") VALUES (?, ?, ?, ?, ?)  [["first_name", "Sandy"], ["last_name", "Beach"], ["age", 20], ["created_at", "2016-12-02 01:39:03.048573"], ["updated_at", "2016-12-02 01:39:03.048573"]]
  [1m[36m (155.9ms)[0m  [1mcommit transaction[0m
  [1m[35mUser Load (1.0ms)[0m  SELECT "users".* FROM "users"
  [1m[36mUser Load (1.0ms)[0m  [1mSELECT "users".* FROM "users"[0m
  [1m[35mUser Load (0.0ms)[0m  SELECT "users".* FROM "users"
  [1m[36m (0.0ms)[0m  [1mbegin transaction[0m
  [1m[35m (0.0ms)[0m  rollback transaction
  [1m[36m (0.0ms)[0m  [1mbegin transaction[0m
  [1m[35mSQL (1.0ms)[0m  INSERT INTO "users" ("first_name", "last_name", "age", "email_address", "created_at", "updated_at") VALUES (?, ?, ?, ?, ?, ?)  [["first_name", "Jake"], ["last_name", "Jake"], ["age", 9], ["email_address", "jake@jake.com"], ["created_at", "2016-12-02 13:30:54.650485"], ["updated_at", "2016-12-02 13:30:54.650485"]]
  [1m[36m (117.0ms)[0m  [1mcommit transaction[0m
  [1m[35m (1.0ms)[0m  begin transaction
  [1m[36mSQL (1.0ms)[0m  [1mUPDATE "users" SET "age" = ?, "updated_at" = ? WHERE "users"."id" = ?[0m  [["age", 8], ["updated_at", "2016-12-02 13:47:09.993713"], ["id", 6]]
  [1m[35m (205.3ms)[0m  commit transaction
  [1m[36m (0.0ms)[0m  [1mbegin transaction[0m
  [1m[35m (0.0ms)[0m  rollback transaction
  [1m[36m (0.0ms)[0m  [1mbegin transaction[0m
  [1m[35mSQL (2.2ms)[0m  INSERT INTO "users" ("first_name", "last_name", "email_address", "age", "created_at", "updated_at") VALUES (?, ?, ?, ?, ?, ?)  [["first_name", "SAl"], ["last_name", "sal"], ["email_address", "sal@sal.com"], ["age", 11], ["created_at", "2016-12-02 13:50:14.558981"], ["updated_at", "2016-12-02 13:50:14.558981"]]
  [1m[36m (136.0ms)[0m  [1mcommit transaction[0m
  [1m[35m (0.0ms)[0m  begin transaction
  [1m[36m (0.0ms)[0m  [1mrollback transaction[0m
  [1m[35m (1.0ms)[0m  begin transaction
  [1m[36m (0.0ms)[0m  [1mcommit transaction[0m
  [1m[35m (1.0ms)[0m  begin transaction
  [1m[36mSQL (2.0ms)[0m  [1mUPDATE "users" SET "age" = ?, "updated_at" = ? WHERE "users"."id" = ?[0m  [["age", 160], ["updated_at", "2016-12-02 13:52:52.283173"], ["id", 7]]
  [1m[35m (136.9ms)[0m  commit transaction
  [1m[36m (1.0ms)[0m  [1mbegin transaction[0m
  [1m[35m (0.0ms)[0m  rollback transaction
  [1m[36m (0.0ms)[0m  [1mbegin transaction[0m
  [1m[35mSQL (2.0ms)[0m  DELETE FROM "users" WHERE "users"."id" = ?  [["id", 7]]
  [1m[36m (110.4ms)[0m  [1mcommit transaction[0m
  [1m[35m (0.0ms)[0m  begin transaction
  [1m[36m (0.0ms)[0m  [1mrollback transaction[0m
  [1m[35m (0.0ms)[0m  begin transaction
  [1m[36m (0.0ms)[0m  [1mrollback transaction[0m
  [1m[35m (0.0ms)[0m  begin transaction
  [1m[36m (0.0ms)[0m  [1mrollback transaction[0m
  [1m[35m (0.0ms)[0m  begin transaction
  [1m[36m (0.0ms)[0m  [1mrollback transaction[0m
  [1m[35m (0.0ms)[0m  begin transaction
  [1m[36m (0.0ms)[0m  [1mrollback transaction[0m
  [1m[35m (0.0ms)[0m  begin transaction
  [1m[36mSQL (3.0ms)[0m  [1mINSERT INTO "users" ("first_name", "last_name", "email_address", "age", "created_at", "updated_at") VALUES (?, ?, ?, ?, ?, ?)[0m  [["first_name", "sal"], ["last_name", "sal"], ["email_address", "sal@sal.com"], ["age", 15], ["created_at", "2016-12-02 14:15:41.387346"], ["updated_at", "2016-12-02 14:15:41.387346"]]
  [1m[35m (106.5ms)[0m  commit transaction
  [1m[36mUser Load (0.5ms)[0m  [1mSELECT "users".* FROM "users"[0m
  [1m[35mUser Load (0.0ms)[0m  SELECT  "users".* FROM "users" WHERE "users"."id" = ? LIMIT 1  [["id", 3]]
  [1m[36m (0.0ms)[0m  [1mbegin transaction[0m
  [1m[35m (0.0ms)[0m  rollback transaction
  [1m[36mUser Load (0.0ms)[0m  [1mSELECT  "users".* FROM "users" WHERE "users"."id" = ? LIMIT 1[0m  [["id", 3]]
  [1m[35m (0.0ms)[0m  begin transaction
  [1m[36m (0.0ms)[0m  [1mrollback transaction[0m
  [1m[35mUser Load (0.5ms)[0m  SELECT "users".* FROM "users"
  [1m[36mUser Load (0.0ms)[0m  [1mSELECT  "users".* FROM "users" WHERE "users"."id" = ? LIMIT 1[0m  [["id", 3]]
  [1m[35m (0.0ms)[0m  begin transaction
  [1m[36m (0.0ms)[0m  [1mrollback transaction[0m
  [1m[35m (0.0ms)[0m  begin transaction
  [1m[36m (0.0ms)[0m  [1mrollback transaction[0m
  [1m[35mUser Load (0.0ms)[0m  SELECT  "users".* FROM "users"  ORDER BY "users"."id" ASC LIMIT 1 OFFSET 2
  [1m[36m (0.0ms)[0m  [1mbegin transaction[0m
  [1m[35m (0.0ms)[0m  rollback transaction
  [1m[36mUser Load (0.0ms)[0m  [1mSELECT "users".* FROM "users"  ORDER BY "users"."first_name" ASC[0m
  [1m[35mUser Load (0.0ms)[0m  SELECT  "users".* FROM "users" WHERE "users"."id" = ? LIMIT 1  [["id", 2]]
  [1m[36mUser Load (0.0ms)[0m  [1mSELECT  "users".* FROM "users" WHERE "users"."id" = ? LIMIT 1[0m  [["id", 2]]
  [1m[35m (0.0ms)[0m  begin transaction
  [1m[36m (0.0ms)[0m  [1mrollback transaction[0m
  [1m[35mUser Load (0.0ms)[0m  SELECT  "users".* FROM "users" WHERE "users"."id" = ? LIMIT 1  [["id", 2]]
  [1m[36m (0.0ms)[0m  [1mbegin transaction[0m
  [1m[35m (0.0ms)[0m  rollback transaction
  [1m[36mUser Load (0.0ms)[0m  [1mSELECT  "users".* FROM "users" WHERE "users"."id" = ? LIMIT 1[0m  [["id", 2]]
  [1m[35m (0.0ms)[0m  begin transaction
  [1m[36mSQL (1.9ms)[0m  [1mUPDATE "users" SET "email_address" = ?, "updated_at" = ? WHERE "users"."id" = ?[0m  [["email_address", "f@faye.com"], ["updated_at", "2016-12-02 14:42:01.731965"], ["id", 2]]
  [1m[35m (93.9ms)[0m  commit transaction
  [1m[36mUser Load (0.0ms)[0m  [1mSELECT  "users".* FROM "users" WHERE "users"."id" = ? LIMIT 1[0m  [["id", 2]]
  [1m[35m (0.0ms)[0m  begin transaction
  [1m[36mSQL (2.4ms)[0m  [1mUPDATE "users" SET "last_name" = ?, "updated_at" = ? WHERE "users"."id" = ?[0m  [["last_name", "Faye"], ["updated_at", "2016-12-02 14:42:25.805380"], ["id", 2]]
  [1m[35m (103.7ms)[0m  commit transaction
  [1m[36mUser Load (0.0ms)[0m  [1mSELECT "users".* FROM "users"[0m
  [1m[35mUser Load (1.0ms)[0m  SELECT  "users".* FROM "users" WHERE "users"."id" = ? LIMIT 1  [["id", 2]]
  [1m[36m (0.0ms)[0m  [1mbegin transaction[0m
  [1m[35mSQL (2.5ms)[0m  UPDATE "users" SET "age" = ?, "updated_at" = ? WHERE "users"."id" = ?  [["age", 29], ["updated_at", "2016-12-02 14:43:16.608235"], ["id", 2]]
  [1m[36m (100.5ms)[0m  [1mcommit transaction[0m
  [1m[35mUser Load (1.0ms)[0m  SELECT "users".* FROM "users"
