  [1m[36m (159.7ms)[0m  [1mCREATE TABLE "schema_migrations" ("version" varchar NOT NULL) [0m
  [1m[35m (0.5ms)[0m  select sqlite_version(*)
  [1m[36m (61.5ms)[0m  [1mCREATE UNIQUE INDEX "unique_schema_migrations" ON "schema_migrations" ("version")[0m
  [1m[35mActiveRecord::SchemaMigration Load (1.0ms)[0m  SELECT "schema_migrations".* FROM "schema_migrations"
Migrating to CreateDojos (20161202161841)
  [1m[36m (0.0ms)[0m  [1mbegin transaction[0m
  [1m[35m (1.8ms)[0m  CREATE TABLE "dojos" ("id" INTEGER PRIMARY KEY AUTOINCREMENT NOT NULL, "name" varchar, "city" varchar, "state" varchar, "created_at" datetime NOT NULL, "updated_at" datetime NOT NULL) 
  [1m[36mSQL (0.0ms)[0m  [1mINSERT INTO "schema_migrations" ("version") VALUES (?)[0m  [["version", "20161202161841"]]
  [1m[35m (67.2ms)[0m  commit transaction
  [1m[36mActiveRecord::SchemaMigration Load (0.5ms)[0m  [1mSELECT "schema_migrations".* FROM "schema_migrations"[0m
  [1m[36mActiveRecord::SchemaMigration Load (0.0ms)[0m  [1mSELECT "schema_migrations".* FROM "schema_migrations"[0m
  [1m[35mActiveRecord::SchemaMigration Load (0.0ms)[0m  SELECT "schema_migrations".* FROM "schema_migrations"
  [1m[36mActiveRecord::SchemaMigration Load (0.0ms)[0m  [1mSELECT "schema_migrations".* FROM "schema_migrations"[0m
Migrating to CreateNinjas (20161202170747)
  [1m[35m (0.0ms)[0m  begin transaction
  [1m[36m (2.0ms)[0m  [1mCREATE TABLE "ninjas" ("id" INTEGER PRIMARY KEY AUTOINCREMENT NOT NULL, "first_name" varchar, "last_name" varchar, "dojo_id" integer, "created_at" datetime NOT NULL, "updated_at" datetime NOT NULL) [0m
  [1m[35m (0.0ms)[0m  select sqlite_version(*)
  [1m[36m (0.0ms)[0m  [1mCREATE  INDEX "index_ninjas_on_dojo_id" ON "ninjas" ("dojo_id")[0m
  [1m[35mSQL (0.0ms)[0m  INSERT INTO "schema_migrations" ("version") VALUES (?)  [["version", "20161202170747"]]
  [1m[36m (71.2ms)[0m  [1mcommit transaction[0m
  [1m[35mActiveRecord::SchemaMigration Load (0.0ms)[0m  SELECT "schema_migrations".* FROM "schema_migrations"
  [1m[36m (1.0ms)[0m  [1m            SELECT sql
            FROM sqlite_master
            WHERE name='index_ninjas_on_dojo_id' AND type='index'
            UNION ALL
            SELECT sql
            FROM sqlite_temp_master
            WHERE name='index_ninjas_on_dojo_id' AND type='index'
[0m
  [1m[36m (0.0ms)[0m  [1mbegin transaction[0m
  [1m[35mSQL (1.0ms)[0m  INSERT INTO "dojos" ("name", "city", "state", "created_at", "updated_at") VALUES (?, ?, ?, ?, ?)  [["name", "CodingDojo SIlicon Valley"], ["city", "Mountain View"], ["state", "CA"], ["created_at", "2016-12-02 19:10:57.304732"], ["updated_at", "2016-12-02 19:10:57.304732"]]
  [1m[36m (69.5ms)[0m  [1mcommit transaction[0m
  [1m[35m (0.0ms)[0m  begin transaction
  [1m[36mSQL (2.2ms)[0m  [1mINSERT INTO "dojos" ("name", "city", "state", "created_at", "updated_at") VALUES (?, ?, ?, ?, ?)[0m  [["name", "CodingDojo Seattle"], ["city", "Seattle"], ["state", "WA"], ["created_at", "2016-12-02 19:11:26.159974"], ["updated_at", "2016-12-02 19:11:26.159974"]]
  [1m[35m (105.4ms)[0m  commit transaction
  [1m[36m (0.0ms)[0m  [1mbegin transaction[0m
  [1m[35mSQL (1.5ms)[0m  INSERT INTO "dojos" ("name", "city", "state", "created_at", "updated_at") VALUES (?, ?, ?, ?, ?)  [["name", "CodingDojo New York"], ["city", "New York"], ["state", "NY"], ["created_at", "2016-12-02 19:11:49.288348"], ["updated_at", "2016-12-02 19:11:49.288348"]]
  [1m[36m (121.4ms)[0m  [1mcommit transaction[0m
  [1m[35mDojo Load (1.0ms)[0m  SELECT "dojos".* FROM "dojos"
  [1m[36mDojo Load (0.0ms)[0m  [1mSELECT "dojos".* FROM "dojos"[0m
  [1m[35mDojo Load (0.0ms)[0m  SELECT  "dojos".* FROM "dojos" WHERE "dojos"."id" = ? LIMIT 1  [["id", 1]]
  [1m[36m (0.0ms)[0m  [1mbegin transaction[0m
  [1m[35mSQL (2.8ms)[0m  UPDATE "dojos" SET "name" = ?, "updated_at" = ? WHERE "dojos"."id" = ?  [["name", "CodingDojo Silicon Valley"], ["updated_at", "2016-12-02 19:13:36.373590"], ["id", 1]]
  [1m[36m (104.8ms)[0m  [1mcommit transaction[0m
  [1m[35mDojo Load (0.0ms)[0m  SELECT "dojos".* FROM "dojos"
  [1m[36mDojo Load (0.5ms)[0m  [1mSELECT "dojos".* FROM "dojos"[0m
  [1m[35m (0.0ms)[0m  begin transaction
  [1m[36mSQL (2.5ms)[0m  [1mDELETE FROM "dojos" WHERE "dojos"."id" = ?[0m  [["id", 1]]
  [1m[35m (125.1ms)[0m  commit transaction
  [1m[36m (0.0ms)[0m  [1mbegin transaction[0m
  [1m[35mSQL (9.1ms)[0m  DELETE FROM "dojos" WHERE "dojos"."id" = ?  [["id", 2]]
  [1m[36m (98.3ms)[0m  [1mcommit transaction[0m
  [1m[35m (0.0ms)[0m  begin transaction
  [1m[36mSQL (3.0ms)[0m  [1mDELETE FROM "dojos" WHERE "dojos"."id" = ?[0m  [["id", 3]]
  [1m[35m (89.6ms)[0m  commit transaction
  [1m[36mDojo Load (1.0ms)[0m  [1mSELECT "dojos".* FROM "dojos"[0m
  [1m[36mDojo Load (3.0ms)[0m  [1mSELECT "dojos".* FROM "dojos"[0m
  [1m[35m (1.0ms)[0m  begin transaction
  [1m[36mSQL (2.5ms)[0m  [1mINSERT INTO "dojos" ("name", "city", "state", "created_at", "updated_at") VALUES (?, ?, ?, ?, ?)[0m  [["name", "A"], ["city", "waco"], ["state", "TX"], ["created_at", "2016-12-02 19:33:24.800971"], ["updated_at", "2016-12-02 19:33:24.800971"]]
  [1m[35m (93.4ms)[0m  commit transaction
  [1m[36mDojo Load (1.0ms)[0m  [1mSELECT "dojos".* FROM "dojos"[0m
  [1m[35mDojo Load (1.0ms)[0m  SELECT "dojos".* FROM "dojos"
  [1m[36m (0.0ms)[0m  [1mbegin transaction[0m
  [1m[35mSQL (2.0ms)[0m  INSERT INTO "dojos" ("name", "city", "state", "created_at", "updated_at") VALUES (?, ?, ?, ?, ?)  [["name", "B"], ["city", "Dallas"], ["state", "TX"], ["created_at", "2016-12-02 19:34:34.914217"], ["updated_at", "2016-12-02 19:34:34.914217"]]
  [1m[36m (108.6ms)[0m  [1mcommit transaction[0m
  [1m[35m (0.0ms)[0m  begin transaction
  [1m[36mSQL (2.5ms)[0m  [1mINSERT INTO "dojos" ("name", "city", "state", "created_at", "updated_at") VALUES (?, ?, ?, ?, ?)[0m  [["name", "C"], ["city", "FortWorth"], ["state", "T"], ["created_at", "2016-12-02 19:35:02.429703"], ["updated_at", "2016-12-02 19:35:02.429703"]]
  [1m[35m (105.8ms)[0m  commit transaction
  [1m[36m (0.0ms)[0m  [1mbegin transaction[0m
  [1m[35mSQL (2.1ms)[0m  INSERT INTO "dojos" ("name", "city", "state", "created_at", "updated_at") VALUES (?, ?, ?, ?, ?)  [["name", "D"], ["city", "FortWorth"], ["state", "T"], ["created_at", "2016-12-02 19:35:34.940751"], ["updated_at", "2016-12-02 19:35:34.940751"]]
  [1m[36m (112.3ms)[0m  [1mcommit transaction[0m
  [1m[35m (0.0ms)[0m  begin transaction
  [1m[36m (0.0ms)[0m  [1mrollback transaction[0m
  [1m[35m (0.0ms)[0m  begin transaction
  [1m[36mSQL (2.0ms)[0m  [1mINSERT INTO "dojos" ("name", "city", "state", "created_at", "updated_at") VALUES (?, ?, ?, ?, ?)[0m  [["name", "E"], ["city", "FortWorth"], ["state", "TX"], ["created_at", "2016-12-02 19:39:45.937537"], ["updated_at", "2016-12-02 19:39:45.937537"]]
  [1m[35m (84.4ms)[0m  commit transaction
  [1m[36mDojo Load (0.0ms)[0m  [1mSELECT "dojos".* FROM "dojos"[0m
  [1m[35mDojo Load (1.0ms)[0m  SELECT  "dojos".* FROM "dojos" WHERE "dojos"."id" = ? LIMIT 1  [["id", 6]]
  [1m[36m (0.0ms)[0m  [1mbegin transaction[0m
  [1m[35mSQL (1.7ms)[0m  UPDATE "dojos" SET "state" = ?, "updated_at" = ? WHERE "dojos"."id" = ?  [["state", "TX"], ["updated_at", "2016-12-02 19:41:09.516879"], ["id", 6]]
  [1m[36m (68.4ms)[0m  [1mcommit transaction[0m
  [1m[35mDojo Load (1.0ms)[0m  SELECT "dojos".* FROM "dojos"
  [1m[36mDojo Load (0.5ms)[0m  [1mSELECT  "dojos".* FROM "dojos" WHERE "dojos"."id" = ? LIMIT 1[0m  [["id", 7]]
  [1m[35m (0.0ms)[0m  begin transaction
  [1m[36mSQL (2.0ms)[0m  [1mUPDATE "dojos" SET "state" = ?, "updated_at" = ? WHERE "dojos"."id" = ?[0m  [["state", "TX"], ["updated_at", "2016-12-02 19:41:40.363779"], ["id", 7]]
  [1m[35m (95.4ms)[0m  commit transaction
  [1m[36mDojo Load (0.0ms)[0m  [1mSELECT "dojos".* FROM "dojos"[0m
  [1m[35mDojo Load (0.0ms)[0m  SELECT  "dojos".* FROM "dojos" WHERE "dojos"."id" = ? LIMIT 1  [["id", 4]]
  [1m[36m (0.0ms)[0m  [1mbegin transaction[0m
  [1m[35mSQL (1.0ms)[0m  UPDATE "dojos" SET "city" = ?, "updated_at" = ? WHERE "dojos"."id" = ?  [["city", "Waco"], ["updated_at", "2016-12-02 19:42:18.042715"], ["id", 4]]
  [1m[36m (82.1ms)[0m  [1mcommit transaction[0m
  [1m[35m (0.0ms)[0m  begin transaction
  [1m[36mSQL (2.3ms)[0m  [1mINSERT INTO "dojos" ("name", "city", "state", "created_at", "updated_at") VALUES (?, ?, ?, ?, ?)[0m  [["name", "orange"], ["city", "North Maymieborough"], ["state", "AL"], ["created_at", "2016-12-02 19:46:52.130825"], ["updated_at", "2016-12-02 19:46:52.130825"]]
  [1m[35m (103.0ms)[0m  commit transaction
  [1m[36m (1.0ms)[0m  [1mbegin transaction[0m
  [1m[35mSQL (3.0ms)[0m  INSERT INTO "dojos" ("name", "city", "state", "created_at", "updated_at") VALUES (?, ?, ?, ?, ?)  [["name", "fuchsia"], ["city", "Port Osborne"], ["state", "TN"], ["created_at", "2016-12-02 19:46:52.241877"], ["updated_at", "2016-12-02 19:46:52.241877"]]
  [1m[36m (112.0ms)[0m  [1mcommit transaction[0m
  [1m[35mDojo Load (0.5ms)[0m  SELECT "dojos".* FROM "dojos"
  [1m[36mDojo Load (0.0ms)[0m  [1mSELECT  "dojos".* FROM "dojos"  ORDER BY "dojos"."id" DESC LIMIT 2[0m
  [1m[35mDojo Load (0.0ms)[0m  SELECT  "dojos".* FROM "dojos"  ORDER BY "dojos"."id" DESC LIMIT 2
  [1m[36mDojo Load (0.0ms)[0m  [1mSELECT "dojos".* FROM "dojos"[0m
  [1m[35mDojo Load (0.0ms)[0m  SELECT  "dojos".* FROM "dojos" WHERE "dojos"."id" = ? LIMIT 1  [["id", 10]]
  [1m[36m (0.0ms)[0m  [1mbegin transaction[0m
  [1m[35mSQL (1.0ms)[0m  DELETE FROM "dojos" WHERE "dojos"."id" = ?  [["id", 10]]
  [1m[36m (91.0ms)[0m  [1mcommit transaction[0m
  [1m[35mDojo Load (0.0ms)[0m  SELECT  "dojos".* FROM "dojos"  ORDER BY "dojos"."id" DESC LIMIT 1
  [1m[36m (0.0ms)[0m  [1mbegin transaction[0m
  [1m[35mSQL (2.0ms)[0m  DELETE FROM "dojos" WHERE "dojos"."id" = ?  [["id", 9]]
  [1m[36m (94.1ms)[0m  [1mcommit transaction[0m
  [1m[35mDojo Load (0.0ms)[0m  SELECT "dojos".* FROM "dojos"
  [1m[36mDojo Load (0.0ms)[0m  [1mSELECT  "dojos".* FROM "dojos"  ORDER BY "dojos"."id" ASC LIMIT 1[0m
  [1m[35m (0.0ms)[0m  begin transaction
  [1m[36mSQL (1.0ms)[0m  [1mINSERT INTO "ninjas" ("dojo_id", "first_name", "last_name", "created_at", "updated_at") VALUES (?, ?, ?, ?, ?)[0m  [["dojo_id", 4], ["first_name", "Greg"], ["last_name", "Farmer"], ["created_at", "2016-12-02 20:00:29.176792"], ["updated_at", "2016-12-02 20:00:29.176792"]]
  [1m[35m (93.7ms)[0m  commit transaction
  [1m[36mDojo Load (1.0ms)[0m  [1mSELECT  "dojos".* FROM "dojos"  ORDER BY "dojos"."id" ASC LIMIT 1[0m
  [1m[35m (0.0ms)[0m  begin transaction
  [1m[36mSQL (1.8ms)[0m  [1mINSERT INTO "ninjas" ("first_name", "last_name", "dojo_id", "created_at", "updated_at") VALUES (?, ?, ?, ?, ?)[0m  [["first_name", "grey"], ["last_name", "fishes"], ["dojo_id", 4], ["created_at", "2016-12-02 20:00:47.043880"], ["updated_at", "2016-12-02 20:00:47.043880"]]
  [1m[35m (244.7ms)[0m  commit transaction
  [1m[36mDojo Load (1.0ms)[0m  [1mSELECT  "dojos".* FROM "dojos"  ORDER BY "dojos"."id" ASC LIMIT 1[0m
  [1m[35m (0.0ms)[0m  begin transaction
  [1m[36mSQL (4.0ms)[0m  [1mINSERT INTO "ninjas" ("first_name", "last_name", "dojo_id", "created_at", "updated_at") VALUES (?, ?, ?, ?, ?)[0m  [["first_name", "sky blue"], ["last_name", "banshees"], ["dojo_id", 4], ["created_at", "2016-12-02 20:00:47.297342"], ["updated_at", "2016-12-02 20:00:47.297342"]]
  [1m[35m (84.0ms)[0m  commit transaction
  [1m[36mDojo Load (1.0ms)[0m  [1mSELECT  "dojos".* FROM "dojos"  ORDER BY "dojos"."id" ASC LIMIT 1[0m
  [1m[35m (0.0ms)[0m  begin transaction
  [1m[36mSQL (4.0ms)[0m  [1mINSERT INTO "ninjas" ("first_name", "last_name", "dojo_id", "created_at", "updated_at") VALUES (?, ?, ?, ?, ?)[0m  [["first_name", "plum"], ["last_name", "zombies"], ["dojo_id", 4], ["created_at", "2016-12-02 20:00:47.397328"], ["updated_at", "2016-12-02 20:00:47.397328"]]
  [1m[35m (108.8ms)[0m  commit transaction
  [1m[36mNinja Load (0.5ms)[0m  [1mSELECT "ninjas".* FROM "ninjas"[0m
  [1m[35mDojo Load (0.0ms)[0m  SELECT  "dojos".* FROM "dojos"  ORDER BY "dojos"."id" ASC LIMIT 1 OFFSET 1
  [1m[36m (0.0ms)[0m  [1mbegin transaction[0m
  [1m[35mSQL (1.0ms)[0m  INSERT INTO "ninjas" ("first_name", "last_name", "dojo_id", "created_at", "updated_at") VALUES (?, ?, ?, ?, ?)  [["first_name", "orange"], ["last_name", "elves"], ["dojo_id", 5], ["created_at", "2016-12-02 20:01:43.130281"], ["updated_at", "2016-12-02 20:01:43.130281"]]
  [1m[36m (83.1ms)[0m  [1mcommit transaction[0m
  [1m[35mDojo Load (1.0ms)[0m  SELECT  "dojos".* FROM "dojos"  ORDER BY "dojos"."id" ASC LIMIT 1 OFFSET 1
  [1m[36m (0.0ms)[0m  [1mbegin transaction[0m
  [1m[35mSQL (3.0ms)[0m  INSERT INTO "ninjas" ("first_name", "last_name", "dojo_id", "created_at", "updated_at") VALUES (?, ?, ?, ?, ?)  [["first_name", "red"], ["last_name", "dogs"], ["dojo_id", 5], ["created_at", "2016-12-02 20:01:43.222366"], ["updated_at", "2016-12-02 20:01:43.222366"]]
  [1m[36m (98.4ms)[0m  [1mcommit transaction[0m
  [1m[35mDojo Load (1.0ms)[0m  SELECT  "dojos".* FROM "dojos"  ORDER BY "dojos"."id" ASC LIMIT 1 OFFSET 1
  [1m[36m (0.0ms)[0m  [1mbegin transaction[0m
  [1m[35mSQL (3.0ms)[0m  INSERT INTO "ninjas" ("first_name", "last_name", "dojo_id", "created_at", "updated_at") VALUES (?, ?, ?, ?, ?)  [["first_name", "azure"], ["last_name", "warlocks"], ["dojo_id", 5], ["created_at", "2016-12-02 20:01:43.334812"], ["updated_at", "2016-12-02 20:01:43.334812"]]
  [1m[36m (73.6ms)[0m  [1mcommit transaction[0m
  [1m[35mDojo Load (0.0ms)[0m  SELECT  "dojos".* FROM "dojos"  ORDER BY "dojos"."id" ASC LIMIT 1 OFFSET 2
  [1m[36m (0.0ms)[0m  [1mbegin transaction[0m
  [1m[35mSQL (2.0ms)[0m  INSERT INTO "ninjas" ("first_name", "last_name", "dojo_id", "created_at", "updated_at") VALUES (?, ?, ?, ?, ?)  [["first_name", "orchid"], ["last_name", "banshees"], ["dojo_id", 6], ["created_at", "2016-12-02 20:02:07.543969"], ["updated_at", "2016-12-02 20:02:07.543969"]]
  [1m[36m (108.7ms)[0m  [1mcommit transaction[0m
  [1m[35mDojo Load (1.0ms)[0m  SELECT  "dojos".* FROM "dojos"  ORDER BY "dojos"."id" ASC LIMIT 1 OFFSET 2
  [1m[36m (0.0ms)[0m  [1mbegin transaction[0m
  [1m[35mSQL (4.0ms)[0m  INSERT INTO "ninjas" ("first_name", "last_name", "dojo_id", "created_at", "updated_at") VALUES (?, ?, ?, ?, ?)  [["first_name", "salmon"], ["last_name", "lycanthropes"], ["dojo_id", 6], ["created_at", "2016-12-02 20:02:07.664702"], ["updated_at", "2016-12-02 20:02:07.664702"]]
  [1m[36m (114.3ms)[0m  [1mcommit transaction[0m
  [1m[35mDojo Load (1.0ms)[0m  SELECT  "dojos".* FROM "dojos"  ORDER BY "dojos"."id" ASC LIMIT 1 OFFSET 2
  [1m[36m (1.0ms)[0m  [1mbegin transaction[0m
  [1m[35mSQL (4.0ms)[0m  INSERT INTO "ninjas" ("first_name", "last_name", "dojo_id", "created_at", "updated_at") VALUES (?, ?, ?, ?, ?)  [["first_name", "red"], ["last_name", "lycanthropes"], ["dojo_id", 6], ["created_at", "2016-12-02 20:02:07.798056"], ["updated_at", "2016-12-02 20:02:07.798056"]]
  [1m[36m (102.1ms)[0m  [1mcommit transaction[0m
  [1m[35mNinja Load (0.5ms)[0m  SELECT "ninjas".* FROM "ninjas"
  [1m[36mDojo Load (0.0ms)[0m  [1mSELECT  "dojos".* FROM "dojos"  ORDER BY "dojos"."id" ASC LIMIT 1[0m
  [1m[35mNinja Load (0.0ms)[0m  SELECT "ninjas".* FROM "ninjas" WHERE "ninjas"."dojo_id" = ?  [["dojo_id", 4]]
  [1m[36mDojo Load (0.5ms)[0m  [1mSELECT  "dojos".* FROM "dojos"  ORDER BY "dojos"."id" ASC LIMIT 2[0m
  [1m[35mDojo Load (0.0ms)[0m  SELECT  "dojos".* FROM "dojos" WHERE "dojos"."id" = ? LIMIT 1  [["id", nil]]
  [1m[36mDojo Load (1.0ms)[0m  [1mSELECT  "dojos".* FROM "dojos"  ORDER BY "dojos"."id" ASC LIMIT 1 OFFSET 1[0m
  [1m[35mNinja Load (0.0ms)[0m  SELECT "ninjas".* FROM "ninjas" WHERE "ninjas"."dojo_id" = ?  [["dojo_id", 5]]
  [1m[36mDojo Load (1.0ms)[0m  [1mSELECT  "dojos".* FROM "dojos"  ORDER BY "dojos"."id" ASC LIMIT 1 OFFSET 1[0m
  [1m[35mNinja Load (1.0ms)[0m  SELECT "ninjas".* FROM "ninjas" WHERE "ninjas"."dojo_id" = ?  [["dojo_id", 5]]
  [1m[36mDojo Load (0.0ms)[0m  [1mSELECT  "dojos".* FROM "dojos"  ORDER BY "dojos"."id" ASC LIMIT 1 OFFSET 1[0m
  [1m[35mDojo Load (0.0ms)[0m  SELECT  "dojos".* FROM "dojos"  ORDER BY "dojos"."id" ASC LIMIT 1 OFFSET 1
  [1m[36mNinja Load (0.0ms)[0m  [1mSELECT "ninjas"."first_name" FROM "ninjas" WHERE "ninjas"."dojo_id" = ?[0m  [["dojo_id", 5]]
  [1m[35mDojo Load (0.0ms)[0m  SELECT  "dojos".* FROM "dojos"  ORDER BY "dojos"."id" ASC LIMIT 1 OFFSET 1
  [1m[36mDojo Load (0.0ms)[0m  [1mSELECT  "dojos".* FROM "dojos"  ORDER BY "dojos"."id" ASC LIMIT 1 OFFSET 1[0m
  [1m[35mDojo Load (0.0ms)[0m  SELECT  "dojos".* FROM "dojos"  ORDER BY "dojos"."id" ASC LIMIT 1 OFFSET 1
  [1m[36mNinja Load (0.0ms)[0m  [1mSELECT "ninjas"."first_name" FROM "ninjas" WHERE "ninjas"."dojo_id" = ?  ORDER BY id ASC[0m  [["dojo_id", 5]]
  [1m[35mDojo Load (1.0ms)[0m  SELECT  "dojos".* FROM "dojos"  ORDER BY "dojos"."id" ASC LIMIT 1 OFFSET 1
  [1m[36mNinja Load (1.0ms)[0m  [1mSELECT "ninjas"."first_name" FROM "ninjas" WHERE "ninjas"."dojo_id" = ?  ORDER BY "ninjas"."first_name" ASC[0m  [["dojo_id", 5]]
  [1m[35mDojo Load (0.0ms)[0m  SELECT  "dojos".* FROM "dojos"  ORDER BY "dojos"."id" ASC LIMIT 1 OFFSET 1
  [1m[36mNinja Load (1.0ms)[0m  [1mSELECT "ninjas"."first_name" FROM "ninjas" WHERE "ninjas"."dojo_id" = ?  ORDER BY "ninjas"."first_name" DESC[0m  [["dojo_id", 5]]
  [1m[35mNinja Load (1.0ms)[0m  SELECT "ninjas".* FROM "ninjas"
  [1m[36mDojo Load (0.5ms)[0m  [1mSELECT  "dojos".* FROM "dojos"  ORDER BY "dojos"."id" ASC LIMIT 1 OFFSET 1[0m
  [1m[35m (0.0ms)[0m  begin transaction
  [1m[36mSQL (2.1ms)[0m  [1mDELETE FROM "dojos" WHERE "dojos"."id" = ?[0m  [["id", 5]]
  [1m[35m (132.0ms)[0m  commit transaction
  [1m[36mDojo Load (1.0ms)[0m  [1mSELECT "dojos".* FROM "dojos"[0m
  [1m[35mNinja Load (0.5ms)[0m  SELECT "ninjas".* FROM "ninjas"
  [1m[36mNinja Load (0.0ms)[0m  [1mSELECT "ninjas".* FROM "ninjas" WHERE "ninjas"."dojo_id" = ?[0m  [["dojo_id", 5]]
  [1m[35mNinja Load (0.0ms)[0m  SELECT "ninjas".* FROM "ninjas" WHERE "ninjas"."dojo_id" = ?  [["dojo_id", 5]]
  [1m[36m (0.5ms)[0m  [1mbegin transaction[0m
  [1m[35mSQL (2.6ms)[0m  DELETE FROM "ninjas" WHERE "ninjas"."id" = ?  [["id", 5]]
  [1m[36m (101.0ms)[0m  [1mcommit transaction[0m
  [1m[35m (0.0ms)[0m  begin transaction
  [1m[36mSQL (2.5ms)[0m  [1mDELETE FROM "ninjas" WHERE "ninjas"."id" = ?[0m  [["id", 6]]
  [1m[35m (66.0ms)[0m  commit transaction
  [1m[36m (0.0ms)[0m  [1mbegin transaction[0m
  [1m[35mSQL (1.0ms)[0m  DELETE FROM "ninjas" WHERE "ninjas"."id" = ?  [["id", 7]]
  [1m[36m (98.5ms)[0m  [1mcommit transaction[0m
  [1m[35mNinja Load (0.5ms)[0m  SELECT "ninjas".* FROM "ninjas"
  [1m[36mDojo Load (0.0ms)[0m  [1mSELECT  "dojos".* FROM "dojos" WHERE "dojos"."id" = ? LIMIT 1[0m  [["id", 4]]
  [1m[35m (0.0ms)[0m  begin transaction
  [1m[36mNinja Load (0.0ms)[0m  [1mSELECT "ninjas".* FROM "ninjas" WHERE "ninjas"."dojo_id" = ?[0m  [["dojo_id", 4]]
  [1m[35mSQL (1.0ms)[0m  DELETE FROM "ninjas" WHERE "ninjas"."id" = ?  [["id", 1]]
  [1m[36mSQL (0.0ms)[0m  [1mDELETE FROM "ninjas" WHERE "ninjas"."id" = ?[0m  [["id", 2]]
  [1m[35mSQL (0.0ms)[0m  DELETE FROM "ninjas" WHERE "ninjas"."id" = ?  [["id", 3]]
  [1m[36mSQL (0.0ms)[0m  [1mDELETE FROM "ninjas" WHERE "ninjas"."id" = ?[0m  [["id", 4]]
  [1m[35mSQL (0.0ms)[0m  DELETE FROM "dojos" WHERE "dojos"."id" = ?  [["id", 4]]
  [1m[36m (136.5ms)[0m  [1mcommit transaction[0m
  [1m[35mDojo Load (1.0ms)[0m  SELECT "dojos".* FROM "dojos"
  [1m[36mNinja Load (0.0ms)[0m  [1mSELECT "ninjas".* FROM "ninjas"[0m
