  [1m[36m (112.9ms)[0m  [1mCREATE TABLE "schema_migrations" ("version" varchar NOT NULL) [0m
  [1m[35m (0.0ms)[0m  select sqlite_version(*)
  [1m[36m (96.0ms)[0m  [1mCREATE UNIQUE INDEX "unique_schema_migrations" ON "schema_migrations" ("version")[0m
  [1m[35mActiveRecord::SchemaMigration Load (1.0ms)[0m  SELECT "schema_migrations".* FROM "schema_migrations"
Migrating to CreateBlogs (20161202210034)
  [1m[36m (0.0ms)[0m  [1mbegin transaction[0m
  [1m[35m (2.0ms)[0m  CREATE TABLE "blogs" ("id" INTEGER PRIMARY KEY AUTOINCREMENT NOT NULL, "name" varchar, "description" text, "created_at" datetime NOT NULL, "updated_at" datetime NOT NULL) 
  [1m[36mSQL (0.0ms)[0m  [1mINSERT INTO "schema_migrations" ("version") VALUES (?)[0m  [["version", "20161202210034"]]
  [1m[35m (82.0ms)[0m  commit transaction
  [1m[36mActiveRecord::SchemaMigration Load (0.0ms)[0m  [1mSELECT "schema_migrations".* FROM "schema_migrations"[0m
  [1m[36mActiveRecord::SchemaMigration Load (0.0ms)[0m  [1mSELECT "schema_migrations".* FROM "schema_migrations"[0m
Migrating to CreatePosts (20161202210312)
  [1m[35m (0.0ms)[0m  begin transaction
  [1m[36m (1.8ms)[0m  [1mCREATE TABLE "posts" ("id" INTEGER PRIMARY KEY AUTOINCREMENT NOT NULL, "title" varchar, "content" text, "blog_id" integer, "created_at" datetime NOT NULL, "updated_at" datetime NOT NULL) [0m
  [1m[35m (0.0ms)[0m  select sqlite_version(*)
  [1m[36m (0.0ms)[0m  [1mCREATE  INDEX "index_posts_on_blog_id" ON "posts" ("blog_id")[0m
  [1m[35mSQL (0.0ms)[0m  INSERT INTO "schema_migrations" ("version") VALUES (?)  [["version", "20161202210312"]]
  [1m[36m (78.1ms)[0m  [1mcommit transaction[0m
Migrating to CreateMessages (20161202210413)
  [1m[35m (0.0ms)[0m  begin transaction
  [1m[36m (1.0ms)[0m  [1mCREATE TABLE "messages" ("id" INTEGER PRIMARY KEY AUTOINCREMENT NOT NULL, "author" varchar, "message" text, "post_id" integer, "created_at" datetime NOT NULL, "updated_at" datetime NOT NULL) [0m
  [1m[35m (0.0ms)[0m  CREATE  INDEX "index_messages_on_post_id" ON "messages" ("post_id")
  [1m[36mSQL (0.0ms)[0m  [1mINSERT INTO "schema_migrations" ("version") VALUES (?)[0m  [["version", "20161202210413"]]
  [1m[35m (62.7ms)[0m  commit transaction
  [1m[36mActiveRecord::SchemaMigration Load (1.0ms)[0m  [1mSELECT "schema_migrations".* FROM "schema_migrations"[0m
  [1m[35m (0.0ms)[0m              SELECT sql
            FROM sqlite_master
            WHERE name='index_messages_on_post_id' AND type='index'
            UNION ALL
            SELECT sql
            FROM sqlite_temp_master
            WHERE name='index_messages_on_post_id' AND type='index'

  [1m[36m (0.0ms)[0m  [1m            SELECT sql
            FROM sqlite_master
            WHERE name='index_posts_on_blog_id' AND type='index'
            UNION ALL
            SELECT sql
            FROM sqlite_temp_master
            WHERE name='index_posts_on_blog_id' AND type='index'
[0m
  [1m[36m (0.0ms)[0m  [1mbegin transaction[0m
  [1m[35mSQL (1.0ms)[0m  INSERT INTO "blogs" ("name", "description", "created_at", "updated_at") VALUES (?, ?, ?, ?)  [["name", "Ms. Wiley Kautzer"], ["description", "Blog photo booth hashtag xoxo cold-pressed."], ["created_at", "2016-12-02 21:19:42.263126"], ["updated_at", "2016-12-02 21:19:42.263126"]]
  [1m[36m (83.2ms)[0m  [1mcommit transaction[0m
  [1m[35m (0.5ms)[0m  begin transaction
  [1m[36mSQL (3.5ms)[0m  [1mINSERT INTO "blogs" ("name", "description", "created_at", "updated_at") VALUES (?, ?, ?, ?)[0m  [["name", "Dr. Jaden Cormier"], ["description", "Poutine goth brunch shoreditch post-ironic."], ["created_at", "2016-12-02 21:19:42.359819"], ["updated_at", "2016-12-02 21:19:42.359819"]]
  [1m[35m (69.6ms)[0m  commit transaction
  [1m[36m (1.0ms)[0m  [1mbegin transaction[0m
  [1m[35mSQL (1.0ms)[0m  INSERT INTO "blogs" ("name", "description", "created_at", "updated_at") VALUES (?, ?, ?, ?)  [["name", "Sibyl Lemke"], ["description", "Selfies mustache cred ennui squid fanny pack carry."], ["created_at", "2016-12-02 21:19:42.440389"], ["updated_at", "2016-12-02 21:19:42.440389"]]
  [1m[36m (94.7ms)[0m  [1mcommit transaction[0m
  [1m[35m (0.0ms)[0m  begin transaction
  [1m[36mSQL (1.0ms)[0m  [1mINSERT INTO "blogs" ("name", "description", "created_at", "updated_at") VALUES (?, ?, ?, ?)[0m  [["name", "Miles Satterfield"], ["description", "Put a bird on it freegan normcore hammock tofu selvage kombucha."], ["created_at", "2016-12-02 21:19:42.540099"], ["updated_at", "2016-12-02 21:19:42.540099"]]
  [1m[35m (123.1ms)[0m  commit transaction
  [1m[36m (0.0ms)[0m  [1mbegin transaction[0m
  [1m[35mSQL (3.0ms)[0m  INSERT INTO "blogs" ("name", "description", "created_at", "updated_at") VALUES (?, ?, ?, ?)  [["name", "Eino Schimmel V"], ["description", "Swag irony kombucha distillery tacos lomo locavore."], ["created_at", "2016-12-02 21:19:42.668715"], ["updated_at", "2016-12-02 21:19:42.668715"]]
  [1m[36m (109.1ms)[0m  [1mcommit transaction[0m
  [1m[35mBlog Load (0.0ms)[0m  SELECT "blogs".* FROM "blogs"
  [1m[36mBlog Load (1.0ms)[0m  [1mSELECT "blogs".* FROM "blogs"[0m
  [1m[35mBlog Load (0.0ms)[0m  SELECT  "blogs".* FROM "blogs" WHERE "blogs"."id" = ? LIMIT 1  [["id", 1]]
  [1m[36m (0.0ms)[0m  [1mbegin transaction[0m
  [1m[35mSQL (2.3ms)[0m  INSERT INTO "posts" ("title", "content", "blog_id", "created_at", "updated_at") VALUES (?, ?, ?, ?, ?)  [["title", "This is a test Title"], ["content", "I need to write a bunch of content here to see if it works"], ["blog_id", 1], ["created_at", "2016-12-02 21:45:24.834366"], ["updated_at", "2016-12-02 21:45:24.834366"]]
  [1m[36m (132.4ms)[0m  [1mcommit transaction[0m
  [1m[35mBlog Load (1.0ms)[0m  SELECT  "blogs".* FROM "blogs" WHERE "blogs"."id" = ? LIMIT 1  [["id", 1]]
  [1m[36m (0.0ms)[0m  [1mbegin transaction[0m
  [1m[35mSQL (2.0ms)[0m  INSERT INTO "posts" ("title", "content", "blog_id", "created_at", "updated_at") VALUES (?, ?, ?, ?, ?)  [["title", "West North Carolina University"], ["content", "When a bug sees Chuck Norris, it flees screaming in terror, and then immediately self-destructs to avoid being roundhouse-kicked."], ["blog_id", 1], ["created_at", "2016-12-02 21:48:10.435360"], ["updated_at", "2016-12-02 21:48:10.435360"]]
  [1m[36m (100.6ms)[0m  [1mcommit transaction[0m
  [1m[35mBlog Load (1.0ms)[0m  SELECT  "blogs".* FROM "blogs" WHERE "blogs"."id" = ? LIMIT 1  [["id", 1]]
  [1m[36m (0.0ms)[0m  [1mbegin transaction[0m
  [1m[35mSQL (4.0ms)[0m  INSERT INTO "posts" ("title", "content", "blog_id", "created_at", "updated_at") VALUES (?, ?, ?, ?, ?)  [["title", "Herzog Institute"], ["content", "Chuck Norris's beard can type 140 wpm."], ["blog_id", 1], ["created_at", "2016-12-02 21:48:10.548350"], ["updated_at", "2016-12-02 21:48:10.548350"]]
  [1m[36m (80.3ms)[0m  [1mcommit transaction[0m
  [1m[35mBlog Load (1.0ms)[0m  SELECT  "blogs".* FROM "blogs" WHERE "blogs"."id" = ? LIMIT 1  [["id", 1]]
  [1m[36m (0.0ms)[0m  [1mbegin transaction[0m
  [1m[35mSQL (3.0ms)[0m  INSERT INTO "posts" ("title", "content", "blog_id", "created_at", "updated_at") VALUES (?, ?, ?, ?, ?)  [["title", "Northern Kessler Institute"], ["content", "When Chuck Norris' code fails to compile the compiler apologises."], ["blog_id", 1], ["created_at", "2016-12-02 21:48:10.647623"], ["updated_at", "2016-12-02 21:48:10.647623"]]
  [1m[36m (96.5ms)[0m  [1mcommit transaction[0m
  [1m[35mPost Load (0.0ms)[0m  SELECT "posts".* FROM "posts"
  [1m[36mBlog Load (1.0ms)[0m  [1mSELECT  "blogs".* FROM "blogs" WHERE "blogs"."id" = ? LIMIT 1[0m  [["id", 2]]
  [1m[35m (1.0ms)[0m  begin transaction
  [1m[36mSQL (2.0ms)[0m  [1mINSERT INTO "posts" ("title", "content", "blog_id", "created_at", "updated_at") VALUES (?, ?, ?, ?, ?)[0m  [["title", "Southern Gibson"], ["content", "Chuck Norris can't test for equality because he has no equal."], ["blog_id", 2], ["created_at", "2016-12-02 21:52:27.853135"], ["updated_at", "2016-12-02 21:52:27.853135"]]
  [1m[35m (90.0ms)[0m  commit transaction
  [1m[36mBlog Load (1.0ms)[0m  [1mSELECT  "blogs".* FROM "blogs" WHERE "blogs"."id" = ? LIMIT 1[0m  [["id", 2]]
  [1m[35m (0.0ms)[0m  begin transaction
  [1m[36mSQL (3.0ms)[0m  [1mINSERT INTO "posts" ("title", "content", "blog_id", "created_at", "updated_at") VALUES (?, ?, ?, ?, ?)[0m  [["title", "North Johnston"], ["content", "Chuck Norris doesn't believe in floating point numbers because they can't be typed on his binary keyboard."], ["blog_id", 2], ["created_at", "2016-12-02 21:52:27.954186"], ["updated_at", "2016-12-02 21:52:27.954186"]]
  [1m[35m (135.5ms)[0m  commit transaction
  [1m[36mBlog Load (0.0ms)[0m  [1mSELECT  "blogs".* FROM "blogs" WHERE "blogs"."id" = ? LIMIT 1[0m  [["id", 2]]
  [1m[35m (0.0ms)[0m  begin transaction
  [1m[36mSQL (2.0ms)[0m  [1mINSERT INTO "posts" ("title", "content", "blog_id", "created_at", "updated_at") VALUES (?, ?, ?, ?, ?)[0m  [["title", "West Dickinson"], ["content", "When Chuck Norris points to null, null quakes in fear."], ["blog_id", 2], ["created_at", "2016-12-02 21:52:28.104658"], ["updated_at", "2016-12-02 21:52:28.104658"]]
  [1m[35m (65.6ms)[0m  commit transaction
  [1m[36mBlog Load (0.0ms)[0m  [1mSELECT  "blogs".* FROM "blogs" WHERE "blogs"."id" = ? LIMIT 1[0m  [["id", 3]]
  [1m[35m (0.0ms)[0m  begin transaction
  [1m[36mSQL (2.0ms)[0m  [1mINSERT INTO "posts" ("title", "content", "blog_id", "created_at", "updated_at") VALUES (?, ?, ?, ?, ?)[0m  [["title", "Eastern Connecticut University"], ["content", "Chuck Norris can solve the Towers of Hanoi in one move."], ["blog_id", 3], ["created_at", "2016-12-02 21:52:39.383891"], ["updated_at", "2016-12-02 21:52:39.383891"]]
  [1m[35m (96.4ms)[0m  commit transaction
  [1m[36mBlog Load (0.0ms)[0m  [1mSELECT  "blogs".* FROM "blogs" WHERE "blogs"."id" = ? LIMIT 1[0m  [["id", 3]]
  [1m[35m (0.0ms)[0m  begin transaction
  [1m[36mSQL (3.0ms)[0m  [1mINSERT INTO "posts" ("title", "content", "blog_id", "created_at", "updated_at") VALUES (?, ?, ?, ?, ?)[0m  [["title", "The Haley College"], ["content", "Chuck Norris can use GOTO as much as he wants to. Telling him otherwise is considered harmful."], ["blog_id", 3], ["created_at", "2016-12-02 21:52:39.492301"], ["updated_at", "2016-12-02 21:52:39.492301"]]
  [1m[35m (75.6ms)[0m  commit transaction
  [1m[36mBlog Load (0.0ms)[0m  [1mSELECT  "blogs".* FROM "blogs" WHERE "blogs"."id" = ? LIMIT 1[0m  [["id", 3]]
  [1m[35m (1.0ms)[0m  begin transaction
  [1m[36mSQL (1.0ms)[0m  [1mINSERT INTO "posts" ("title", "content", "blog_id", "created_at", "updated_at") VALUES (?, ?, ?, ?, ?)[0m  [["title", "Cruickshank College"], ["content", "All arrays Chuck Norris declares are of infinite size, because Chuck Norris knows no bounds."], ["blog_id", 3], ["created_at", "2016-12-02 21:52:39.578623"], ["updated_at", "2016-12-02 21:52:39.578623"]]
  [1m[35m (87.0ms)[0m  commit transaction
  [1m[36mPost Load (1.0ms)[0m  [1mSELECT "posts".* FROM "posts"[0m
  [1m[35mBlog Load (1.0ms)[0m  SELECT "blogs".* FROM "blogs"
  [1m[36mBlog Load (1.0ms)[0m  [1mSELECT  "blogs".* FROM "blogs" WHERE "blogs"."id" = ? LIMIT 1[0m  [["id", 4]]
  [1m[35m (0.0ms)[0m  begin transaction
  [1m[36mSQL (2.1ms)[0m  [1mINSERT INTO "posts" ("title", "content", "blog_id", "created_at", "updated_at") VALUES (?, ?, ?, ?, ?)[0m  [["title", "Southern Welch University"], ["content", "There is no Esc key on Chuck Norris' keyboard, because no one escapes Chuck Norris."], ["blog_id", 4], ["created_at", "2016-12-02 21:53:26.296271"], ["updated_at", "2016-12-02 21:53:26.296271"]]
  [1m[35m (98.7ms)[0m  commit transaction
  [1m[36mBlog Load (1.0ms)[0m  [1mSELECT  "blogs".* FROM "blogs" WHERE "blogs"."id" = ? LIMIT 1[0m  [["id", 4]]
  [1m[35m (0.0ms)[0m  begin transaction
  [1m[36mSQL (3.5ms)[0m  [1mINSERT INTO "posts" ("title", "content", "blog_id", "created_at", "updated_at") VALUES (?, ?, ?, ?, ?)[0m  [["title", "South Corkery Academy"], ["content", "For Chuck Norris, NP-Hard = O(1)."], ["blog_id", 4], ["created_at", "2016-12-02 21:53:26.406789"], ["updated_at", "2016-12-02 21:53:26.406789"]]
  [1m[35m (71.2ms)[0m  commit transaction
  [1m[36mBlog Load (1.0ms)[0m  [1mSELECT  "blogs".* FROM "blogs" WHERE "blogs"."id" = ? LIMIT 1[0m  [["id", 4]]
  [1m[35m (0.0ms)[0m  begin transaction
  [1m[36mSQL (4.0ms)[0m  [1mINSERT INTO "posts" ("title", "content", "blog_id", "created_at", "updated_at") VALUES (?, ?, ?, ?, ?)[0m  [["title", "Kertzmann College"], ["content", "Chuck Norris can use GOTO as much as he wants to. Telling him otherwise is considered harmful."], ["blog_id", 4], ["created_at", "2016-12-02 21:53:26.494488"], ["updated_at", "2016-12-02 21:53:26.494488"]]
  [1m[35m (84.2ms)[0m  commit transaction
  [1m[36mBlog Load (0.0ms)[0m  [1mSELECT  "blogs".* FROM "blogs" WHERE "blogs"."id" = ? LIMIT 1[0m  [["id", 4]]
  [1m[35m (0.0ms)[0m  begin transaction
  [1m[36mSQL (2.0ms)[0m  [1mINSERT INTO "posts" ("title", "content", "blog_id", "created_at", "updated_at") VALUES (?, ?, ?, ?, ?)[0m  [["title", "South Kertzmann"], ["content", "Chuck Norris' protocol design method has no status, requests or responses, only commands."], ["blog_id", 4], ["created_at", "2016-12-02 21:53:26.589732"], ["updated_at", "2016-12-02 21:53:26.589732"]]
  [1m[35m (69.3ms)[0m  commit transaction
  [1m[36mBlog Load (0.5ms)[0m  [1mSELECT  "blogs".* FROM "blogs" WHERE "blogs"."id" = ? LIMIT 1[0m  [["id", 5]]
  [1m[35m (0.0ms)[0m  begin transaction
  [1m[36mSQL (1.9ms)[0m  [1mINSERT INTO "posts" ("title", "content", "blog_id", "created_at", "updated_at") VALUES (?, ?, ?, ?, ?)[0m  [["title", "Southern Welch"], ["content", "Chuck Norris doesn't program with a keyboard. He stares the computer down until it does what he wants."], ["blog_id", 5], ["created_at", "2016-12-02 21:53:41.654561"], ["updated_at", "2016-12-02 21:53:41.654561"]]
  [1m[35m (85.4ms)[0m  commit transaction
  [1m[36mBlog Load (0.5ms)[0m  [1mSELECT  "blogs".* FROM "blogs" WHERE "blogs"."id" = ? LIMIT 1[0m  [["id", 5]]
  [1m[35m (0.5ms)[0m  begin transaction
  [1m[36mSQL (3.0ms)[0m  [1mINSERT INTO "posts" ("title", "content", "blog_id", "created_at", "updated_at") VALUES (?, ?, ?, ?, ?)[0m  [["title", "East Oklahoma University"], ["content", "Chuck Norris can access the DB from the UI."], ["blog_id", 5], ["created_at", "2016-12-02 21:53:41.748843"], ["updated_at", "2016-12-02 21:53:41.748843"]]
  [1m[35m (72.6ms)[0m  commit transaction
  [1m[36mPost Load (0.0ms)[0m  [1mSELECT "posts".* FROM "posts"[0m
  [1m[35mPost Load (0.0ms)[0m  SELECT  "posts".* FROM "posts"  ORDER BY "posts"."id" ASC LIMIT 1
  [1m[36m (0.0ms)[0m  [1mbegin transaction[0m
  [1m[35mSQL (3.0ms)[0m  INSERT INTO "messages" ("author", "message", "post_id", "created_at", "updated_at") VALUES (?, ?, ?, ?, ?)  [["author", "Lagoon Nebula"], ["message", "Shut him up or shut him down."], ["post_id", 1], ["created_at", "2016-12-02 21:56:35.235791"], ["updated_at", "2016-12-02 21:56:35.235791"]]
  [1m[36m (101.5ms)[0m  [1mcommit transaction[0m
  [1m[35mPost Load (1.0ms)[0m  SELECT  "posts".* FROM "posts"  ORDER BY "posts"."id" ASC LIMIT 1
  [1m[36m (1.0ms)[0m  [1mbegin transaction[0m
  [1m[35mSQL (4.0ms)[0m  INSERT INTO "messages" ("author", "message", "post_id", "created_at", "updated_at") VALUES (?, ?, ?, ?, ?)  [["author", "Eagle Nebula"], ["message", "You'll find I'm full of surprises!"], ["post_id", 1], ["created_at", "2016-12-02 21:56:35.349895"], ["updated_at", "2016-12-02 21:56:35.349895"]]
  [1m[36m (70.4ms)[0m  [1mcommit transaction[0m
  [1m[35mPost Load (1.0ms)[0m  SELECT  "posts".* FROM "posts"  ORDER BY "posts"."id" ASC LIMIT 1
  [1m[36m (1.0ms)[0m  [1mbegin transaction[0m
  [1m[35mSQL (4.0ms)[0m  INSERT INTO "messages" ("author", "message", "post_id", "created_at", "updated_at") VALUES (?, ?, ?, ?, ?)  [["author", "Lagoon Nebula"], ["message", "No reward is worth this."], ["post_id", 1], ["created_at", "2016-12-02 21:56:35.437301"], ["updated_at", "2016-12-02 21:56:35.437301"]]
  [1m[36m (72.0ms)[0m  [1mcommit transaction[0m
  [1m[35mPost Load (1.0ms)[0m  SELECT  "posts".* FROM "posts"  ORDER BY "posts"."id" ASC LIMIT 1
  [1m[36m (0.0ms)[0m  [1mbegin transaction[0m
  [1m[35mSQL (1.0ms)[0m  INSERT INTO "messages" ("author", "message", "post_id", "created_at", "updated_at") VALUES (?, ?, ?, ?, ?)  [["author", "Bodes Nebula"], ["message", "Fear is the path to the dark side... fear leads to anger... anger leads to hate... hate leads to suffering."], ["post_id", 1], ["created_at", "2016-12-02 21:56:35.521290"], ["updated_at", "2016-12-02 21:56:35.521290"]]
  [1m[36m (59.8ms)[0m  [1mcommit transaction[0m
  [1m[35mMessage Load (1.0ms)[0m  SELECT "messages".* FROM "messages"
  [1m[36mBlog Load (1.0ms)[0m  [1mSELECT  "blogs".* FROM "blogs"  ORDER BY "blogs"."id" ASC LIMIT 1[0m
  [1m[35mPost Load (0.0ms)[0m  SELECT "posts".* FROM "posts" WHERE "posts"."blog_id" = ?  [["blog_id", 1]]
  [1m[36mBlog Load (1.0ms)[0m  [1mSELECT  "blogs".* FROM "blogs"  ORDER BY "blogs"."id" DESC LIMIT 1[0m
  [1m[35mPost Load (0.0ms)[0m  SELECT "posts".* FROM "posts" WHERE "posts"."blog_id" = ?  ORDER BY "posts"."title" DESC  [["blog_id", 5]]
  [1m[36mPost Load (0.0ms)[0m  [1mSELECT  "posts".* FROM "posts"  ORDER BY "posts"."id" ASC LIMIT 1[0m
  [1m[35mPost Load (0.5ms)[0m  SELECT  "posts".* FROM "posts"  ORDER BY "posts"."id" ASC LIMIT 1
  [1m[36m (0.5ms)[0m  [1mbegin transaction[0m
  [1m[35mSQL (2.4ms)[0m  UPDATE "posts" SET "title" = ?, "updated_at" = ? WHERE "posts"."id" = ?  [["title", "The Uniersity of Stuff"], ["updated_at", "2016-12-02 22:00:23.169649"], ["id", 1]]
  [1m[36m (87.2ms)[0m  [1mcommit transaction[0m
  [1m[35mPost Load (1.0ms)[0m  SELECT  "posts".* FROM "posts"  ORDER BY "posts"."id" ASC LIMIT 1
  [1m[36mPost Load (0.0ms)[0m  [1mSELECT  "posts".* FROM "posts"  ORDER BY "posts"."id" ASC LIMIT 1 OFFSET 2[0m
  [1m[35m (0.0ms)[0m  begin transaction
  [1m[36mSQL (2.1ms)[0m  [1mINSERT INTO "messages" ("author", "message", "post_id", "created_at", "updated_at") VALUES (?, ?, ?, ?, ?)[0m  [["author", "Anton the Author"], ["message", "there is a long message here toDELETE"], ["post_id", 3], ["created_at", "2016-12-02 22:01:52.784225"], ["updated_at", "2016-12-02 22:01:52.784225"]]
  [1m[35m (85.9ms)[0m  commit transaction
  [1m[36mMessage Load (0.0ms)[0m  [1mSELECT "messages".* FROM "messages"[0m
  [1m[35mPost Load (1.0ms)[0m  SELECT  "posts".* FROM "posts"  ORDER BY "posts"."id" ASC LIMIT 1 OFFSET 2
  [1m[36m (0.0ms)[0m  [1mbegin transaction[0m
  [1m[35mMessage Load (0.0ms)[0m  SELECT "messages".* FROM "messages" WHERE "messages"."post_id" = ?  [["post_id", 3]]
  [1m[36mSQL (2.0ms)[0m  [1mDELETE FROM "messages" WHERE "messages"."id" = ?[0m  [["id", 5]]
  [1m[35mSQL (0.0ms)[0m  DELETE FROM "posts" WHERE "posts"."id" = ?  [["id", 3]]
  [1m[36m (96.8ms)[0m  [1mcommit transaction[0m
  [1m[35mMessage Load (0.0ms)[0m  SELECT "messages".* FROM "messages"
  [1m[36mBlog Load (0.5ms)[0m  [1mSELECT "blogs".* FROM "blogs"[0m
  [1m[35mBlog Load (0.0ms)[0m  SELECT "blogs".* FROM "blogs" WHERE (id<5)
  [1m[36mPost Load (3.0ms)[0m  [1mSELECT "posts".* FROM "posts"[0m
  [1m[35mPost Load (1.0ms)[0m  SELECT "posts".* FROM "posts"
  [1m[36mMessage Load (0.5ms)[0m  [1mSELECT "messages".* FROM "messages"[0m
  [1m[35mBlog Load (0.0ms)[0m  SELECT "blogs".* FROM "blogs"
  [1m[36mActiveRecord::SchemaMigration Load (0.0ms)[0m  [1mSELECT "schema_migrations".* FROM "schema_migrations"[0m
Migrating to CreateUsers (20161202222438)
  [1m[35m (0.0ms)[0m  begin transaction
  [1m[36m (3.2ms)[0m  [1mCREATE TABLE "users" ("id" INTEGER PRIMARY KEY AUTOINCREMENT NOT NULL, "first_name" varchar, "last_name" varchar, "email_address" varchar, "created_at" datetime NOT NULL, "updated_at" datetime NOT NULL) [0m
  [1m[35mSQL (0.0ms)[0m  INSERT INTO "schema_migrations" ("version") VALUES (?)  [["version", "20161202222438"]]
  [1m[36m (100.3ms)[0m  [1mcommit transaction[0m
Migrating to CreateOwners (20161202222630)
  [1m[35m (0.0ms)[0m  begin transaction
  [1m[36m (5.5ms)[0m  [1mCREATE TABLE "owners" ("id" INTEGER PRIMARY KEY AUTOINCREMENT NOT NULL, "user_id" integer, "blog_id" integer, "created_at" datetime NOT NULL, "updated_at" datetime NOT NULL) [0m
  [1m[35m (1.0ms)[0m  select sqlite_version(*)
  [1m[36m (1.0ms)[0m  [1mCREATE  INDEX "index_owners_on_user_id" ON "owners" ("user_id")[0m
  [1m[35m (1.0ms)[0m              SELECT sql
            FROM sqlite_master
            WHERE name='index_owners_on_user_id' AND type='index'
            UNION ALL
            SELECT sql
            FROM sqlite_temp_master
            WHERE name='index_owners_on_user_id' AND type='index'

  [1m[36m (0.0ms)[0m  [1mCREATE  INDEX "index_owners_on_blog_id" ON "owners" ("blog_id")[0m
  [1m[35mSQL (0.0ms)[0m  INSERT INTO "schema_migrations" ("version") VALUES (?)  [["version", "20161202222630"]]
  [1m[36m (68.3ms)[0m  [1mcommit transaction[0m
  [1m[35mActiveRecord::SchemaMigration Load (0.0ms)[0m  SELECT "schema_migrations".* FROM "schema_migrations"
  [1m[36m (0.0ms)[0m  [1m            SELECT sql
            FROM sqlite_master
            WHERE name='index_messages_on_post_id' AND type='index'
            UNION ALL
            SELECT sql
            FROM sqlite_temp_master
            WHERE name='index_messages_on_post_id' AND type='index'
[0m
  [1m[35m (0.0ms)[0m              SELECT sql
            FROM sqlite_master
            WHERE name='index_owners_on_blog_id' AND type='index'
            UNION ALL
            SELECT sql
            FROM sqlite_temp_master
            WHERE name='index_owners_on_blog_id' AND type='index'

  [1m[36m (1.0ms)[0m  [1m            SELECT sql
            FROM sqlite_master
            WHERE name='index_owners_on_user_id' AND type='index'
            UNION ALL
            SELECT sql
            FROM sqlite_temp_master
            WHERE name='index_owners_on_user_id' AND type='index'
[0m
  [1m[35m (0.0ms)[0m              SELECT sql
            FROM sqlite_master
            WHERE name='index_posts_on_blog_id' AND type='index'
            UNION ALL
            SELECT sql
            FROM sqlite_temp_master
            WHERE name='index_posts_on_blog_id' AND type='index'

  [1m[36mActiveRecord::SchemaMigration Load (0.0ms)[0m  [1mSELECT "schema_migrations".* FROM "schema_migrations"[0m
Migrating to AddUseriDtoConnectMessagesToUsers (20161202223605)
  [1m[35m (0.0ms)[0m  begin transaction
  [1m[36m (0.5ms)[0m  [1mALTER TABLE "Message" ADD "user_id" integer[0m
  [1m[35m (0.0ms)[0m  rollback transaction
  [1m[36mActiveRecord::SchemaMigration Load (0.5ms)[0m  [1mSELECT "schema_migrations".* FROM "schema_migrations"[0m
Migrating to AddUseriDtoConnectMessagesToUsers (20161202223605)
  [1m[35m (0.0ms)[0m  begin transaction
  [1m[36m (0.5ms)[0m  [1mALTER TABLE "Message" ADD "user_id" integer[0m
  [1m[35m (0.0ms)[0m  rollback transaction
  [1m[36mActiveRecord::SchemaMigration Load (0.0ms)[0m  [1mSELECT "schema_migrations".* FROM "schema_migrations"[0m
Migrating to AddUseriDtoConnectMessagesToUsers (20161202223605)
  [1m[35m (0.0ms)[0m  begin transaction
  [1m[36m (0.5ms)[0m  [1mALTER TABLE "Message" ADD "user_id" integer[0m
  [1m[35m (0.0ms)[0m  rollback transaction
  [1m[36mActiveRecord::SchemaMigration Load (0.5ms)[0m  [1mSELECT "schema_migrations".* FROM "schema_migrations"[0m
Migrating to AddUseriDtoConnectMessagesToUsers (20161202223605)
  [1m[35m (0.0ms)[0m  begin transaction
  [1m[36m (2.5ms)[0m  [1mALTER TABLE "messages" ADD "user_id" integer[0m
  [1m[35m (0.0ms)[0m  select sqlite_version(*)
  [1m[36m (0.0ms)[0m  [1m            SELECT sql
            FROM sqlite_master
            WHERE name='index_messages_on_post_id' AND type='index'
            UNION ALL
            SELECT sql
            FROM sqlite_temp_master
            WHERE name='index_messages_on_post_id' AND type='index'
[0m
  [1m[35m (0.0ms)[0m  CREATE  INDEX "index_messages_on_user_id" ON "messages" ("user_id")
  [1m[36mSQL (0.0ms)[0m  [1mINSERT INTO "schema_migrations" ("version") VALUES (?)[0m  [["version", "20161202223605"]]
  [1m[35m (108.7ms)[0m  commit transaction
  [1m[36mActiveRecord::SchemaMigration Load (1.0ms)[0m  [1mSELECT "schema_migrations".* FROM "schema_migrations"[0m
  [1m[35m (0.0ms)[0m              SELECT sql
            FROM sqlite_master
            WHERE name='index_messages_on_user_id' AND type='index'
            UNION ALL
            SELECT sql
            FROM sqlite_temp_master
            WHERE name='index_messages_on_user_id' AND type='index'

  [1m[36m (1.0ms)[0m  [1m            SELECT sql
            FROM sqlite_master
            WHERE name='index_messages_on_post_id' AND type='index'
            UNION ALL
            SELECT sql
            FROM sqlite_temp_master
            WHERE name='index_messages_on_post_id' AND type='index'
[0m
  [1m[35m (1.0ms)[0m              SELECT sql
            FROM sqlite_master
            WHERE name='index_owners_on_blog_id' AND type='index'
            UNION ALL
            SELECT sql
            FROM sqlite_temp_master
            WHERE name='index_owners_on_blog_id' AND type='index'

  [1m[36m (0.0ms)[0m  [1m            SELECT sql
            FROM sqlite_master
            WHERE name='index_owners_on_user_id' AND type='index'
            UNION ALL
            SELECT sql
            FROM sqlite_temp_master
            WHERE name='index_owners_on_user_id' AND type='index'
[0m
  [1m[35m (1.0ms)[0m              SELECT sql
            FROM sqlite_master
            WHERE name='index_posts_on_blog_id' AND type='index'
            UNION ALL
            SELECT sql
            FROM sqlite_temp_master
            WHERE name='index_posts_on_blog_id' AND type='index'

  [1m[36m (0.0ms)[0m  [1mbegin transaction[0m
  [1m[35mSQL (1.0ms)[0m  INSERT INTO "users" ("first_name", "last_name", "email_address", "created_at", "updated_at") VALUES (?, ?, ?, ?, ?)  [["first_name", "Sheev Palpatine"], ["last_name", "Kamino"], ["email_address", "makayla.bednar@greenfelder.biz"], ["created_at", "2016-12-02 23:06:16.187635"], ["updated_at", "2016-12-02 23:06:16.187635"]]
  [1m[36m (72.9ms)[0m  [1mcommit transaction[0m
  [1m[35m (0.0ms)[0m  begin transaction
  [1m[36mSQL (3.0ms)[0m  [1mINSERT INTO "users" ("first_name", "last_name", "email_address", "created_at", "updated_at") VALUES (?, ?, ?, ?, ?)[0m  [["first_name", "Han Solo"], ["last_name", "Tatooine"], ["email_address", "nils.stracke@kunde.co"], ["created_at", "2016-12-02 23:06:16.273545"], ["updated_at", "2016-12-02 23:06:16.273545"]]
  [1m[35m (74.7ms)[0m  commit transaction
  [1m[36m (0.0ms)[0m  [1mbegin transaction[0m
  [1m[35mSQL (2.0ms)[0m  INSERT INTO "users" ("first_name", "last_name", "email_address", "created_at", "updated_at") VALUES (?, ?, ?, ?, ?)  [["first_name", "Ki-Adi-Mundi"], ["last_name", "Yavin"], ["email_address", "lura_lebsack@kerlukestamm.com"], ["created_at", "2016-12-02 23:06:16.361215"], ["updated_at", "2016-12-02 23:06:16.361215"]]
  [1m[36m (88.2ms)[0m  [1mcommit transaction[0m
  [1m[35m (0.0ms)[0m  begin transaction
  [1m[36mSQL (1.9ms)[0m  [1mINSERT INTO "users" ("first_name", "last_name", "email_address", "created_at", "updated_at") VALUES (?, ?, ?, ?, ?)[0m  [["first_name", "Sheev Palpatine"], ["last_name", "Jakku"], ["email_address", "rachael@heaney.co"], ["created_at", "2016-12-02 23:06:16.457462"], ["updated_at", "2016-12-02 23:06:16.457462"]]
  [1m[35m (77.9ms)[0m  commit transaction
  [1m[36m (0.0ms)[0m  [1mbegin transaction[0m
  [1m[35mSQL (4.0ms)[0m  INSERT INTO "users" ("first_name", "last_name", "email_address", "created_at", "updated_at") VALUES (?, ?, ?, ?, ?)  [["first_name", "Boba Fett"], ["last_name", "Kamino"], ["email_address", "damaris@senger.biz"], ["created_at", "2016-12-02 23:06:16.543249"], ["updated_at", "2016-12-02 23:06:16.543249"]]
  [1m[36m (85.1ms)[0m  [1mcommit transaction[0m
  [1m[35mUser Load (1.0ms)[0m  SELECT "users".* FROM "users"
  [1m[36mUser Load (1.0ms)[0m  [1mSELECT "users".* FROM "users"[0m
  [1m[35mBlog Load (1.0ms)[0m  SELECT "blogs".* FROM "blogs"
  [1m[36mUser Load (0.0ms)[0m  [1mSELECT  "users".* FROM "users"  ORDER BY "users"."id" ASC LIMIT 1[0m
  [1m[35mBlog Load (0.0ms)[0m  SELECT  "blogs".* FROM "blogs" WHERE "blogs"."id" = ? LIMIT 1  [["id", 1]]
  [1m[36m (0.0ms)[0m  [1mbegin transaction[0m
  [1m[35mSQL (2.1ms)[0m  INSERT INTO "owners" ("user_id", "blog_id", "created_at", "updated_at") VALUES (?, ?, ?, ?)  [["user_id", 1], ["blog_id", 1], ["created_at", "2016-12-02 23:11:07.849638"], ["updated_at", "2016-12-02 23:11:07.849638"]]
  [1m[36m (100.7ms)[0m  [1mcommit transaction[0m
  [1m[35mUser Load (1.0ms)[0m  SELECT  "users".* FROM "users"  ORDER BY "users"."id" ASC LIMIT 1
  [1m[36mBlog Load (0.0ms)[0m  [1mSELECT  "blogs".* FROM "blogs" WHERE "blogs"."id" = ? LIMIT 1[0m  [["id", 2]]
  [1m[35m (0.0ms)[0m  begin transaction
  [1m[36mSQL (3.5ms)[0m  [1mINSERT INTO "owners" ("user_id", "blog_id", "created_at", "updated_at") VALUES (?, ?, ?, ?)[0m  [["user_id", 1], ["blog_id", 2], ["created_at", "2016-12-02 23:11:07.969872"], ["updated_at", "2016-12-02 23:11:07.969872"]]
  [1m[35m (92.8ms)[0m  commit transaction
  [1m[36mUser Load (0.0ms)[0m  [1mSELECT  "users".* FROM "users"  ORDER BY "users"."id" ASC LIMIT 1[0m
  [1m[35mBlog Load (0.0ms)[0m  SELECT  "blogs".* FROM "blogs" WHERE "blogs"."id" = ? LIMIT 1  [["id", 3]]
  [1m[36m (0.0ms)[0m  [1mbegin transaction[0m
  [1m[35mSQL (1.5ms)[0m  INSERT INTO "owners" ("user_id", "blog_id", "created_at", "updated_at") VALUES (?, ?, ?, ?)  [["user_id", 1], ["blog_id", 3], ["created_at", "2016-12-02 23:11:08.078644"], ["updated_at", "2016-12-02 23:11:08.078644"]]
  [1m[36m (82.2ms)[0m  [1mcommit transaction[0m
  [1m[35mUser Load (1.0ms)[0m  SELECT  "users".* FROM "users"  ORDER BY "users"."id" ASC LIMIT 1 OFFSET 1
  [1m[36mBlog Load (0.0ms)[0m  [1mSELECT  "blogs".* FROM "blogs" WHERE "blogs"."id" = ? LIMIT 1[0m  [["id", 4]]
  [1m[35m (1.0ms)[0m  begin transaction
  [1m[36mSQL (2.0ms)[0m  [1mINSERT INTO "owners" ("user_id", "blog_id", "created_at", "updated_at") VALUES (?, ?, ?, ?)[0m  [["user_id", 2], ["blog_id", 4], ["created_at", "2016-12-02 23:14:57.740128"], ["updated_at", "2016-12-02 23:14:57.740128"]]
  [1m[35m (90.0ms)[0m  commit transaction
  [1m[36mUser Load (1.0ms)[0m  [1mSELECT  "users".* FROM "users"  ORDER BY "users"."id" DESC LIMIT 1[0m
  [1m[35mBlog Load (1.0ms)[0m  SELECT  "blogs".* FROM "blogs" WHERE "blogs"."id" = ? LIMIT 1  [["id", 5]]
  [1m[36m (0.0ms)[0m  [1mbegin transaction[0m
  [1m[35mSQL (2.0ms)[0m  INSERT INTO "owners" ("user_id", "blog_id", "created_at", "updated_at") VALUES (?, ?, ?, ?)  [["user_id", 5], ["blog_id", 5], ["created_at", "2016-12-02 23:15:48.146921"], ["updated_at", "2016-12-02 23:15:48.146921"]]
  [1m[36m (94.8ms)[0m  [1mcommit transaction[0m
  [1m[35mUser Load (0.5ms)[0m  SELECT  "users".* FROM "users"  ORDER BY "users"."id" ASC LIMIT 1 OFFSET 2
  [1m[36mUser Load (0.0ms)[0m  [1mSELECT  "users".* FROM "users"  ORDER BY "users"."id" ASC LIMIT 1 OFFSET 2[0m
  [1m[35mUser Load (1.0ms)[0m  SELECT  "users".* FROM "users"  ORDER BY "users"."id" ASC LIMIT 1 OFFSET 2
  [1m[36mBlog Load (0.0ms)[0m  [1mSELECT  "blogs".* FROM "blogs" WHERE "blogs"."id" = ? LIMIT 1[0m  [["id", nil]]
  [1m[35mUser Load (0.0ms)[0m  SELECT  "users".* FROM "users"  ORDER BY "users"."id" ASC LIMIT 1 OFFSET 2
  [1m[36mBlog Load (0.0ms)[0m  [1mSELECT  "blogs".* FROM "blogs" WHERE "blogs"."id" = ? LIMIT 1[0m  [["id", 1]]
  [1m[35m (0.0ms)[0m  begin transaction
  [1m[36mSQL (3.0ms)[0m  [1mINSERT INTO "owners" ("user_id", "blog_id", "created_at", "updated_at") VALUES (?, ?, ?, ?)[0m  [["user_id", 3], ["blog_id", 1], ["created_at", "2016-12-02 23:19:51.964752"], ["updated_at", "2016-12-02 23:19:51.964752"]]
  [1m[35m (148.1ms)[0m  commit transaction
  [1m[36mUser Load (1.0ms)[0m  [1mSELECT  "users".* FROM "users"  ORDER BY "users"."id" ASC LIMIT 1 OFFSET 2[0m
  [1m[35mBlog Load (1.0ms)[0m  SELECT  "blogs".* FROM "blogs" WHERE "blogs"."id" = ? LIMIT 1  [["id", 2]]
  [1m[36m (1.0ms)[0m  [1mbegin transaction[0m
  [1m[35mSQL (3.0ms)[0m  INSERT INTO "owners" ("user_id", "blog_id", "created_at", "updated_at") VALUES (?, ?, ?, ?)  [["user_id", 3], ["blog_id", 2], ["created_at", "2016-12-02 23:19:52.130868"], ["updated_at", "2016-12-02 23:19:52.130868"]]
  [1m[36m (76.0ms)[0m  [1mcommit transaction[0m
  [1m[35mUser Load (1.0ms)[0m  SELECT  "users".* FROM "users"  ORDER BY "users"."id" ASC LIMIT 1 OFFSET 2
  [1m[36mBlog Load (0.0ms)[0m  [1mSELECT  "blogs".* FROM "blogs" WHERE "blogs"."id" = ? LIMIT 1[0m  [["id", 3]]
  [1m[35m (0.0ms)[0m  begin transaction
  [1m[36mSQL (1.0ms)[0m  [1mINSERT INTO "owners" ("user_id", "blog_id", "created_at", "updated_at") VALUES (?, ?, ?, ?)[0m  [["user_id", 3], ["blog_id", 3], ["created_at", "2016-12-02 23:19:52.217857"], ["updated_at", "2016-12-02 23:19:52.217857"]]
  [1m[35m (96.5ms)[0m  commit transaction
  [1m[36mUser Load (1.0ms)[0m  [1mSELECT  "users".* FROM "users"  ORDER BY "users"."id" ASC LIMIT 1 OFFSET 2[0m
  [1m[35mBlog Load (0.0ms)[0m  SELECT  "blogs".* FROM "blogs" WHERE "blogs"."id" = ? LIMIT 1  [["id", 4]]
  [1m[36m (0.0ms)[0m  [1mbegin transaction[0m
  [1m[35mSQL (4.0ms)[0m  INSERT INTO "owners" ("user_id", "blog_id", "created_at", "updated_at") VALUES (?, ?, ?, ?)  [["user_id", 3], ["blog_id", 4], ["created_at", "2016-12-02 23:19:52.324360"], ["updated_at", "2016-12-02 23:19:52.324360"]]
  [1m[36m (156.3ms)[0m  [1mcommit transaction[0m
  [1m[35mUser Load (0.0ms)[0m  SELECT  "users".* FROM "users"  ORDER BY "users"."id" ASC LIMIT 1 OFFSET 2
  [1m[36mBlog Load (0.0ms)[0m  [1mSELECT  "blogs".* FROM "blogs" WHERE "blogs"."id" = ? LIMIT 1[0m  [["id", 5]]
  [1m[35m (0.0ms)[0m  begin transaction
  [1m[36mSQL (1.0ms)[0m  [1mINSERT INTO "owners" ("user_id", "blog_id", "created_at", "updated_at") VALUES (?, ?, ?, ?)[0m  [["user_id", 3], ["blog_id", 5], ["created_at", "2016-12-02 23:19:52.495698"], ["updated_at", "2016-12-02 23:19:52.495698"]]
  [1m[35m (94.2ms)[0m  commit transaction
  [1m[36mOwner Load (1.0ms)[0m  [1mSELECT "owners".* FROM "owners"[0m
  [1m[35mUser Load (0.0ms)[0m  SELECT  "users".* FROM "users"  ORDER BY "users"."id" ASC LIMIT 1
  [1m[36mBlog Load (0.5ms)[0m  [1mSELECT  "blogs".* FROM "blogs" WHERE "blogs"."id" = ? LIMIT 1[0m  [["id", 2]]
  [1m[35mUser Load (1.0ms)[0m  SELECT  "users".* FROM "users"  ORDER BY "users"."id" ASC LIMIT 1
  [1m[36mBlog Load (0.0ms)[0m  [1mSELECT  "blogs".* FROM "blogs" WHERE "blogs"."id" = ? LIMIT 1[0m  [["id", 2]]
  [1m[36mActiveRecord::SchemaMigration Load (0.0ms)[0m  [1mSELECT "schema_migrations".* FROM "schema_migrations"[0m
Migrating to AddUserIdToPostTableforRelationship (20161202232909)
  [1m[35m (0.0ms)[0m  begin transaction
  [1m[36m (0.5ms)[0m  [1mALTER TABLE "messages" ADD "user_id" integer[0m
  [1m[35m (0.5ms)[0m  rollback transaction
  [1m[36mActiveRecord::SchemaMigration Load (0.0ms)[0m  [1mSELECT "schema_migrations".* FROM "schema_migrations"[0m
Migrating to AddUserIdToPostTableforRelationship (20161202232909)
  [1m[35m (0.0ms)[0m  begin transaction
  [1m[36m (2.5ms)[0m  [1mALTER TABLE "posts" ADD "user_id" integer[0m
  [1m[35m (0.0ms)[0m  select sqlite_version(*)
  [1m[36m (0.0ms)[0m  [1m            SELECT sql
            FROM sqlite_master
            WHERE name='index_posts_on_blog_id' AND type='index'
            UNION ALL
            SELECT sql
            FROM sqlite_temp_master
            WHERE name='index_posts_on_blog_id' AND type='index'
[0m
  [1m[35m (0.0ms)[0m  CREATE  INDEX "index_posts_on_user_id" ON "posts" ("user_id")
  [1m[36mSQL (1.0ms)[0m  [1mINSERT INTO "schema_migrations" ("version") VALUES (?)[0m  [["version", "20161202232909"]]
  [1m[35m (103.1ms)[0m  commit transaction
  [1m[36mActiveRecord::SchemaMigration Load (1.0ms)[0m  [1mSELECT "schema_migrations".* FROM "schema_migrations"[0m
  [1m[35m (1.0ms)[0m              SELECT sql
            FROM sqlite_master
            WHERE name='index_messages_on_user_id' AND type='index'
            UNION ALL
            SELECT sql
            FROM sqlite_temp_master
            WHERE name='index_messages_on_user_id' AND type='index'

  [1m[36m (0.0ms)[0m  [1m            SELECT sql
            FROM sqlite_master
            WHERE name='index_messages_on_post_id' AND type='index'
            UNION ALL
            SELECT sql
            FROM sqlite_temp_master
            WHERE name='index_messages_on_post_id' AND type='index'
[0m
  [1m[35m (0.0ms)[0m              SELECT sql
            FROM sqlite_master
            WHERE name='index_owners_on_blog_id' AND type='index'
            UNION ALL
            SELECT sql
            FROM sqlite_temp_master
            WHERE name='index_owners_on_blog_id' AND type='index'

  [1m[36m (0.0ms)[0m  [1m            SELECT sql
            FROM sqlite_master
            WHERE name='index_owners_on_user_id' AND type='index'
            UNION ALL
            SELECT sql
            FROM sqlite_temp_master
            WHERE name='index_owners_on_user_id' AND type='index'
[0m
  [1m[35m (1.0ms)[0m              SELECT sql
            FROM sqlite_master
            WHERE name='index_posts_on_user_id' AND type='index'
            UNION ALL
            SELECT sql
            FROM sqlite_temp_master
            WHERE name='index_posts_on_user_id' AND type='index'

  [1m[36m (0.0ms)[0m  [1m            SELECT sql
            FROM sqlite_master
            WHERE name='index_posts_on_blog_id' AND type='index'
            UNION ALL
            SELECT sql
            FROM sqlite_temp_master
            WHERE name='index_posts_on_blog_id' AND type='index'
[0m
  [1m[36mUser Load (0.0ms)[0m  [1mSELECT  "users".* FROM "users"  ORDER BY "users"."id" ASC LIMIT 1[0m
  [1m[35mBlog Load (0.0ms)[0m  SELECT  "blogs".* FROM "blogs" WHERE "blogs"."id" = ? LIMIT 1  [["id", 2]]
  [1m[36mUser Load (0.0ms)[0m  [1mSELECT  "users".* FROM "users"  ORDER BY "users"."id" ASC LIMIT 1[0m
  [1m[35mBlog Load (0.0ms)[0m  SELECT  "blogs".* FROM "blogs" WHERE "blogs"."id" = ? LIMIT 1  [["id", 2]]
  [1m[36mUser Load (0.0ms)[0m  [1mSELECT  "users".* FROM "users"  ORDER BY "users"."id" ASC LIMIT 1[0m
  [1m[35mBlog Load (0.0ms)[0m  SELECT  "blogs".* FROM "blogs" WHERE "blogs"."id" = ? LIMIT 1  [["id", 2]]
  [1m[36m (0.0ms)[0m  [1mbegin transaction[0m
  [1m[35mSQL (1.1ms)[0m  INSERT INTO "posts" ("user_id", "blog_id", "title", "content", "created_at", "updated_at") VALUES (?, ?, ?, ?, ?, ?)  [["user_id", 1], ["blog_id", 2], ["title", "Wisconsin buffalo"], ["content", "Bounty hunters! We don't need this scum."], ["created_at", "2016-12-02 23:36:47.387200"], ["updated_at", "2016-12-02 23:36:47.387200"]]
  [1m[36m (155.6ms)[0m  [1mcommit transaction[0m
  [1m[35mUser Load (1.0ms)[0m  SELECT  "users".* FROM "users"  ORDER BY "users"."id" ASC LIMIT 1
  [1m[36mBlog Load (1.0ms)[0m  [1mSELECT  "blogs".* FROM "blogs" WHERE "blogs"."id" = ? LIMIT 1[0m  [["id", 2]]
  [1m[35m (1.0ms)[0m  begin transaction
  [1m[36mSQL (3.0ms)[0m  [1mINSERT INTO "posts" ("user_id", "blog_id", "title", "content", "created_at", "updated_at") VALUES (?, ?, ?, ?, ?, ?)[0m  [["user_id", 1], ["blog_id", 2], ["title", "New Hampshire bees"], ["content", "You will never find a more wretched hive of scum and villainy. We must be cautious."], ["created_at", "2016-12-02 23:36:47.561253"], ["updated_at", "2016-12-02 23:36:47.561253"]]
  [1m[35m (95.1ms)[0m  commit transaction
  [1m[36mUser Load (0.0ms)[0m  [1mSELECT  "users".* FROM "users"  ORDER BY "users"."id" ASC LIMIT 1[0m
  [1m[35mBlog Load (0.0ms)[0m  SELECT  "blogs".* FROM "blogs" WHERE "blogs"."id" = ? LIMIT 1  [["id", 2]]
  [1m[36m (0.0ms)[0m  [1mbegin transaction[0m
  [1m[35mSQL (1.0ms)[0m  INSERT INTO "posts" ("user_id", "blog_id", "title", "content", "created_at", "updated_at") VALUES (?, ?, ?, ?, ?, ?)  [["user_id", 1], ["blog_id", 2], ["title", "Alaska tigers"], ["content", "Fear is the path to the dark side... fear leads to anger... anger leads to hate... hate leads to suffering."], ["created_at", "2016-12-02 23:36:47.669349"], ["updated_at", "2016-12-02 23:36:47.669349"]]
  [1m[36m (84.0ms)[0m  [1mcommit transaction[0m
  [1m[35mPost Load (0.5ms)[0m  SELECT "posts".* FROM "posts"
  [1m[36mPost Load (0.0ms)[0m  [1mSELECT "posts".* FROM "posts"[0m
  [1m[36mBlog Load (2.0ms)[0m  [1mSELECT "blogs".* FROM "blogs"[0m
  [1m[35mUser Load (1.0ms)[0m  SELECT "users".* FROM "users"
  [1m[36mBlog Load (0.5ms)[0m  [1mSELECT "blogs".* FROM "blogs"[0m
  [1m[35mUser Load (0.0ms)[0m  SELECT  "users".* FROM "users"  ORDER BY "users"."id" ASC LIMIT 1 OFFSET 1
  [1m[36mBlog Load (0.0ms)[0m  [1mSELECT  "blogs".* FROM "blogs"  ORDER BY "blogs"."id" DESC LIMIT 1[0m
  [1m[35m (0.0ms)[0m  begin transaction
  [1m[36mSQL (2.0ms)[0m  [1mINSERT INTO "posts" ("user_id", "blog_id", "title", "content", "created_at", "updated_at") VALUES (?, ?, ?, ?, ?, ?)[0m  [["user_id", 2], ["blog_id", 5], ["title", "Post title"], ["content", "Another wordy Post"], ["created_at", "2016-12-04 20:31:12.831130"], ["updated_at", "2016-12-04 20:31:12.831130"]]
  [1m[35m (103.1ms)[0m  commit transaction
  [1m[36mUser Load (0.0ms)[0m  [1mSELECT  "users".* FROM "users"  ORDER BY "users"."id" ASC LIMIT 1 OFFSET 1[0m
  [1m[35mBlog Load (0.0ms)[0m  SELECT  "blogs".* FROM "blogs"  ORDER BY "blogs"."id" DESC LIMIT 1
  [1m[36m (0.0ms)[0m  [1mbegin transaction[0m
  [1m[35mSQL (3.0ms)[0m  INSERT INTO "posts" ("user_id", "blog_id", "title", "content", "created_at", "updated_at") VALUES (?, ?, ?, ?, ?, ?)  [["user_id", 2], ["blog_id", 5], ["title", "Post title"], ["content", "Another wordy Post"], ["created_at", "2016-12-04 20:31:12.957244"], ["updated_at", "2016-12-04 20:31:12.957244"]]
  [1m[36m (130.4ms)[0m  [1mcommit transaction[0m
  [1m[35mUser Load (1.0ms)[0m  SELECT  "users".* FROM "users"  ORDER BY "users"."id" ASC LIMIT 1 OFFSET 1
  [1m[36mBlog Load (1.0ms)[0m  [1mSELECT  "blogs".* FROM "blogs"  ORDER BY "blogs"."id" DESC LIMIT 1[0m
  [1m[35m (0.0ms)[0m  begin transaction
  [1m[36mSQL (2.5ms)[0m  [1mINSERT INTO "posts" ("user_id", "blog_id", "title", "content", "created_at", "updated_at") VALUES (?, ?, ?, ?, ?, ?)[0m  [["user_id", 2], ["blog_id", 5], ["title", "Post title"], ["content", "Another wordy Post"], ["created_at", "2016-12-04 20:31:13.109666"], ["updated_at", "2016-12-04 20:31:13.109666"]]
  [1m[35m (124.4ms)[0m  commit transaction
  [1m[36mUser Load (1.0ms)[0m  [1mSELECT  "users".* FROM "users"  ORDER BY "users"."id" ASC LIMIT 1 OFFSET 1[0m
  [1m[35mBlog Load (0.0ms)[0m  SELECT  "blogs".* FROM "blogs"  ORDER BY "blogs"."id" DESC LIMIT 1
  [1m[36m (0.0ms)[0m  [1mbegin transaction[0m
  [1m[35mSQL (3.0ms)[0m  INSERT INTO "posts" ("user_id", "blog_id", "title", "content", "created_at", "updated_at") VALUES (?, ?, ?, ?, ?, ?)  [["user_id", 2], ["blog_id", 5], ["title", "Post title"], ["content", "Another wordy Post"], ["created_at", "2016-12-04 20:31:13.250593"], ["updated_at", "2016-12-04 20:31:13.250593"]]
  [1m[36m (115.7ms)[0m  [1mcommit transaction[0m
  [1m[35mUser Load (1.0ms)[0m  SELECT  "users".* FROM "users"  ORDER BY "users"."id" ASC LIMIT 1 OFFSET 1
  [1m[36mBlog Load (0.0ms)[0m  [1mSELECT  "blogs".* FROM "blogs"  ORDER BY "blogs"."id" DESC LIMIT 1[0m
  [1m[35m (0.0ms)[0m  begin transaction
  [1m[36mSQL (3.0ms)[0m  [1mINSERT INTO "posts" ("user_id", "blog_id", "title", "content", "created_at", "updated_at") VALUES (?, ?, ?, ?, ?, ?)[0m  [["user_id", 2], ["blog_id", 5], ["title", "Post title"], ["content", "Another wordy Post"], ["created_at", "2016-12-04 20:31:13.385369"], ["updated_at", "2016-12-04 20:31:13.385369"]]
  [1m[35m (113.9ms)[0m  commit transaction
  [1m[36mPost Load (0.5ms)[0m  [1mSELECT "posts".* FROM "posts"[0m
  [1m[36mUser Load (0.0ms)[0m  [1mSELECT  "users".* FROM "users"  ORDER BY "users"."id" ASC LIMIT 1 OFFSET 2[0m
  [1m[35mBlog Load (0.0ms)[0m  SELECT  "blogs".* FROM "blogs" WHERE "blogs"."id" = ? LIMIT 1  [["id", 1]]
  [1m[36m (0.0ms)[0m  [1mbegin transaction[0m
  [1m[35mSQL (1.9ms)[0m  INSERT INTO "posts" ("user_id", "blog_id", "title", "content", "created_at", "updated_at") VALUES (?, ?, ?, ?, ?, ?)  [["user_id", 3], ["blog_id", 1], ["title", "Post 1 for Blog 1"], ["content", "More content"], ["created_at", "2016-12-04 20:43:19.501498"], ["updated_at", "2016-12-04 20:43:19.501498"]]
  [1m[36m (89.6ms)[0m  [1mcommit transaction[0m
  [1m[35mUser Load (1.0ms)[0m  SELECT  "users".* FROM "users"  ORDER BY "users"."id" ASC LIMIT 1 OFFSET 2
  [1m[36mBlog Load (0.5ms)[0m  [1mSELECT  "blogs".* FROM "blogs" WHERE "blogs"."id" = ? LIMIT 1[0m  [["id", 1]]
  [1m[35m (0.0ms)[0m  begin transaction
  [1m[36mSQL (3.0ms)[0m  [1mINSERT INTO "posts" ("user_id", "blog_id", "title", "content", "created_at", "updated_at") VALUES (?, ?, ?, ?, ?, ?)[0m  [["user_id", 3], ["blog_id", 1], ["title", "Post 2 for Blog 1"], ["content", "More content"], ["created_at", "2016-12-04 20:43:19.611118"], ["updated_at", "2016-12-04 20:43:19.611118"]]
  [1m[35m (78.7ms)[0m  commit transaction
  [1m[36mUser Load (0.5ms)[0m  [1mSELECT  "users".* FROM "users"  ORDER BY "users"."id" ASC LIMIT 1 OFFSET 2[0m
  [1m[35mBlog Load (0.0ms)[0m  SELECT  "blogs".* FROM "blogs" WHERE "blogs"."id" = ? LIMIT 1  [["id", 2]]
  [1m[36m (0.5ms)[0m  [1mbegin transaction[0m
  [1m[35mSQL (1.7ms)[0m  INSERT INTO "posts" ("user_id", "blog_id", "title", "content", "created_at", "updated_at") VALUES (?, ?, ?, ?, ?, ?)  [["user_id", 3], ["blog_id", 2], ["title", "Post 1 for Blog 2"], ["content", "More content"], ["created_at", "2016-12-04 20:43:19.704368"], ["updated_at", "2016-12-04 20:43:19.704368"]]
  [1m[36m (74.6ms)[0m  [1mcommit transaction[0m
  [1m[35mUser Load (1.0ms)[0m  SELECT  "users".* FROM "users"  ORDER BY "users"."id" ASC LIMIT 1 OFFSET 2
  [1m[36mBlog Load (0.0ms)[0m  [1mSELECT  "blogs".* FROM "blogs" WHERE "blogs"."id" = ? LIMIT 1[0m  [["id", 2]]
  [1m[35m (0.0ms)[0m  begin transaction
  [1m[36mSQL (2.5ms)[0m  [1mINSERT INTO "posts" ("user_id", "blog_id", "title", "content", "created_at", "updated_at") VALUES (?, ?, ?, ?, ?, ?)[0m  [["user_id", 3], ["blog_id", 2], ["title", "Post 2 for Blog 2"], ["content", "More content"], ["created_at", "2016-12-04 20:43:19.794911"], ["updated_at", "2016-12-04 20:43:19.794911"]]
  [1m[35m (92.7ms)[0m  commit transaction
  [1m[36mUser Load (0.5ms)[0m  [1mSELECT  "users".* FROM "users"  ORDER BY "users"."id" ASC LIMIT 1 OFFSET 2[0m
  [1m[35mBlog Load (0.0ms)[0m  SELECT  "blogs".* FROM "blogs" WHERE "blogs"."id" = ? LIMIT 1  [["id", 3]]
  [1m[36m (0.0ms)[0m  [1mbegin transaction[0m
  [1m[35mSQL (2.7ms)[0m  INSERT INTO "posts" ("user_id", "blog_id", "title", "content", "created_at", "updated_at") VALUES (?, ?, ?, ?, ?, ?)  [["user_id", 3], ["blog_id", 3], ["title", "Post 1 for Blog 3"], ["content", "More content"], ["created_at", "2016-12-04 20:43:19.905140"], ["updated_at", "2016-12-04 20:43:19.905140"]]
  [1m[36m (115.5ms)[0m  [1mcommit transaction[0m
  [1m[35mUser Load (1.0ms)[0m  SELECT  "users".* FROM "users"  ORDER BY "users"."id" ASC LIMIT 1 OFFSET 2
  [1m[36mBlog Load (1.0ms)[0m  [1mSELECT  "blogs".* FROM "blogs" WHERE "blogs"."id" = ? LIMIT 1[0m  [["id", 3]]
  [1m[35m (0.0ms)[0m  begin transaction
  [1m[36mSQL (3.0ms)[0m  [1mINSERT INTO "posts" ("user_id", "blog_id", "title", "content", "created_at", "updated_at") VALUES (?, ?, ?, ?, ?, ?)[0m  [["user_id", 3], ["blog_id", 3], ["title", "Post 2 for Blog 3"], ["content", "More content"], ["created_at", "2016-12-04 20:43:20.039913"], ["updated_at", "2016-12-04 20:43:20.039913"]]
  [1m[35m (114.1ms)[0m  commit transaction
  [1m[36mUser Load (1.0ms)[0m  [1mSELECT  "users".* FROM "users"  ORDER BY "users"."id" ASC LIMIT 1 OFFSET 2[0m
  [1m[35mBlog Load (0.0ms)[0m  SELECT  "blogs".* FROM "blogs" WHERE "blogs"."id" = ? LIMIT 1  [["id", 4]]
  [1m[36m (0.0ms)[0m  [1mbegin transaction[0m
  [1m[35mSQL (2.0ms)[0m  INSERT INTO "posts" ("user_id", "blog_id", "title", "content", "created_at", "updated_at") VALUES (?, ?, ?, ?, ?, ?)  [["user_id", 3], ["blog_id", 4], ["title", "Post 1 for Blog 4"], ["content", "More content"], ["created_at", "2016-12-04 20:43:20.172015"], ["updated_at", "2016-12-04 20:43:20.172015"]]
  [1m[36m (136.8ms)[0m  [1mcommit transaction[0m
  [1m[35mUser Load (1.0ms)[0m  SELECT  "users".* FROM "users"  ORDER BY "users"."id" ASC LIMIT 1 OFFSET 2
  [1m[36mBlog Load (0.0ms)[0m  [1mSELECT  "blogs".* FROM "blogs" WHERE "blogs"."id" = ? LIMIT 1[0m  [["id", 4]]
  [1m[35m (0.0ms)[0m  begin transaction
  [1m[36mSQL (3.0ms)[0m  [1mINSERT INTO "posts" ("user_id", "blog_id", "title", "content", "created_at", "updated_at") VALUES (?, ?, ?, ?, ?, ?)[0m  [["user_id", 3], ["blog_id", 4], ["title", "Post 2 for Blog 4"], ["content", "More content"], ["created_at", "2016-12-04 20:43:20.328292"], ["updated_at", "2016-12-04 20:43:20.328292"]]
  [1m[35m (147.1ms)[0m  commit transaction
  [1m[36mUser Load (0.0ms)[0m  [1mSELECT  "users".* FROM "users"  ORDER BY "users"."id" ASC LIMIT 1 OFFSET 2[0m
  [1m[35mBlog Load (1.0ms)[0m  SELECT  "blogs".* FROM "blogs" WHERE "blogs"."id" = ? LIMIT 1  [["id", 5]]
  [1m[36m (0.0ms)[0m  [1mbegin transaction[0m
  [1m[35mSQL (3.0ms)[0m  INSERT INTO "posts" ("user_id", "blog_id", "title", "content", "created_at", "updated_at") VALUES (?, ?, ?, ?, ?, ?)  [["user_id", 3], ["blog_id", 5], ["title", "Post 1 for Blog 5"], ["content", "More content"], ["created_at", "2016-12-04 20:43:20.493402"], ["updated_at", "2016-12-04 20:43:20.493402"]]
  [1m[36m (126.0ms)[0m  [1mcommit transaction[0m
  [1m[35mUser Load (1.0ms)[0m  SELECT  "users".* FROM "users"  ORDER BY "users"."id" ASC LIMIT 1 OFFSET 2
  [1m[36mBlog Load (0.0ms)[0m  [1mSELECT  "blogs".* FROM "blogs" WHERE "blogs"."id" = ? LIMIT 1[0m  [["id", 5]]
  [1m[35m (0.0ms)[0m  begin transaction
  [1m[36mSQL (3.0ms)[0m  [1mINSERT INTO "posts" ("user_id", "blog_id", "title", "content", "created_at", "updated_at") VALUES (?, ?, ?, ?, ?, ?)[0m  [["user_id", 3], ["blog_id", 5], ["title", "Post 2 for Blog 5"], ["content", "More content"], ["created_at", "2016-12-04 20:43:20.637972"], ["updated_at", "2016-12-04 20:43:20.637972"]]
  [1m[35m (125.2ms)[0m  commit transaction
  [1m[36mPost Load (1.0ms)[0m  [1mSELECT "posts".* FROM "posts"[0m
  [1m[35mPost Load (0.5ms)[0m  SELECT "posts".* FROM "posts"
  [1m[36mPost Load (1.0ms)[0m  [1mSELECT "posts".* FROM "posts"[0m
  [1m[36mUser Load (0.0ms)[0m  [1mSELECT  "users".* FROM "users"  ORDER BY "users"."id" ASC LIMIT 1 OFFSET 2[0m
  [1m[35mPost Load (0.0ms)[0m  SELECT  "posts".* FROM "posts"  ORDER BY "posts"."id" ASC LIMIT 1
  [1m[36mUser Load (0.0ms)[0m  [1mSELECT  "users".* FROM "users"  ORDER BY "users"."id" ASC LIMIT 1 OFFSET 2[0m
  [1m[35mUser Load (0.5ms)[0m  SELECT  "users".* FROM "users"  ORDER BY "users"."id" ASC LIMIT 1 OFFSET 2
  [1m[36m (0.0ms)[0m  [1mbegin transaction[0m
  [1m[35mSQL (1.0ms)[0m  INSERT INTO "messages" ("user_id", "post_id", "author", "message", "created_at", "updated_at") VALUES (?, ?, ?, ?, ?, ?)  [["user_id", 3], ["post_id", 1], ["author", "Ki-Adi-Mundi"], ["message", "Ki-Adi-Mundi was here"], ["created_at", "2016-12-04 20:50:59.771521"], ["updated_at", "2016-12-04 20:50:59.771521"]]
  [1m[36m (89.2ms)[0m  [1mcommit transaction[0m
  [1m[35mUser Load (1.0ms)[0m  SELECT  "users".* FROM "users"  ORDER BY "users"."id" ASC LIMIT 1 OFFSET 2
  [1m[36mPost Load (1.0ms)[0m  [1mSELECT  "posts".* FROM "posts"  ORDER BY "posts"."id" ASC LIMIT 1[0m
  [1m[35mUser Load (1.0ms)[0m  SELECT  "users".* FROM "users"  ORDER BY "users"."id" ASC LIMIT 1 OFFSET 2
  [1m[36mUser Load (1.0ms)[0m  [1mSELECT  "users".* FROM "users"  ORDER BY "users"."id" ASC LIMIT 1 OFFSET 2[0m
  [1m[35m (0.0ms)[0m  begin transaction
  [1m[36mSQL (3.0ms)[0m  [1mINSERT INTO "messages" ("user_id", "post_id", "author", "message", "created_at", "updated_at") VALUES (?, ?, ?, ?, ?, ?)[0m  [["user_id", 3], ["post_id", 1], ["author", "Ki-Adi-Mundi"], ["message", "Ki-Adi-Mundi was here"], ["created_at", "2016-12-04 20:50:59.891721"], ["updated_at", "2016-12-04 20:50:59.891721"]]
  [1m[35m (73.8ms)[0m  commit transaction
  [1m[36mMessage Load (0.5ms)[0m  [1mSELECT "messages".* FROM "messages"[0m
  [1m[35mMessage Load (0.5ms)[0m  SELECT "messages".* FROM "messages"
  [1m[36mUser Load (1.0ms)[0m  [1mSELECT  "users".* FROM "users"  ORDER BY "users"."id" ASC LIMIT 1 OFFSET 2[0m
  [1m[35mPost Load (1.0ms)[0m  SELECT  "posts".* FROM "posts"  ORDER BY "posts"."id" ASC LIMIT 1 OFFSET 1
  [1m[36mUser Load (0.0ms)[0m  [1mSELECT  "users".* FROM "users"  ORDER BY "users"."id" ASC LIMIT 1 OFFSET 2[0m
  [1m[35m (0.0ms)[0m  begin transaction
  [1m[36mSQL (2.0ms)[0m  [1mINSERT INTO "messages" ("user_id", "post_id", "author", "message", "created_at", "updated_at") VALUES (?, ?, ?, ?, ?, ?)[0m  [["user_id", 3], ["post_id", 2], ["author", "Ki-Adi-Mundi"], ["message", "1 of 3 messages"], ["created_at", "2016-12-04 20:54:48.752091"], ["updated_at", "2016-12-04 20:54:48.752091"]]
  [1m[35m (84.9ms)[0m  commit transaction
  [1m[36mUser Load (0.0ms)[0m  [1mSELECT  "users".* FROM "users"  ORDER BY "users"."id" ASC LIMIT 1 OFFSET 2[0m
  [1m[35mPost Load (1.0ms)[0m  SELECT  "posts".* FROM "posts"  ORDER BY "posts"."id" ASC LIMIT 1 OFFSET 1
  [1m[36mUser Load (1.0ms)[0m  [1mSELECT  "users".* FROM "users"  ORDER BY "users"."id" ASC LIMIT 1 OFFSET 2[0m
  [1m[35m (0.0ms)[0m  begin transaction
  [1m[36mSQL (4.0ms)[0m  [1mINSERT INTO "messages" ("user_id", "post_id", "author", "message", "created_at", "updated_at") VALUES (?, ?, ?, ?, ?, ?)[0m  [["user_id", 3], ["post_id", 2], ["author", "Ki-Adi-Mundi"], ["message", "2 of 3 messages"], ["created_at", "2016-12-04 20:54:48.859046"], ["updated_at", "2016-12-04 20:54:48.859046"]]
  [1m[35m (71.4ms)[0m  commit transaction
  [1m[36mUser Load (0.0ms)[0m  [1mSELECT  "users".* FROM "users"  ORDER BY "users"."id" ASC LIMIT 1 OFFSET 2[0m
  [1m[35mPost Load (1.0ms)[0m  SELECT  "posts".* FROM "posts"  ORDER BY "posts"."id" ASC LIMIT 1 OFFSET 1
  [1m[36mUser Load (0.0ms)[0m  [1mSELECT  "users".* FROM "users"  ORDER BY "users"."id" ASC LIMIT 1 OFFSET 2[0m
  [1m[35m (0.0ms)[0m  begin transaction
  [1m[36mSQL (1.0ms)[0m  [1mINSERT INTO "messages" ("user_id", "post_id", "author", "message", "created_at", "updated_at") VALUES (?, ?, ?, ?, ?, ?)[0m  [["user_id", 3], ["post_id", 2], ["author", "Ki-Adi-Mundi"], ["message", "3 of 3 messages"], ["created_at", "2016-12-04 20:54:48.941418"], ["updated_at", "2016-12-04 20:54:48.941418"]]
  [1m[35m (70.9ms)[0m  commit transaction
  [1m[36mMessage Load (1.0ms)[0m  [1mSELECT "messages".* FROM "messages"[0m
  [1m[35mUser Load (1.0ms)[0m  SELECT  "users".* FROM "users"  ORDER BY "users"."id" ASC LIMIT 1 OFFSET 3
  [1m[36mPost Load (0.0ms)[0m  [1mSELECT  "posts".* FROM "posts"  ORDER BY "posts"."id" DESC LIMIT 1[0m
  [1m[35mUser Load (0.0ms)[0m  SELECT  "users".* FROM "users"  ORDER BY "users"."id" ASC LIMIT 1 OFFSET 3
  [1m[36m (0.0ms)[0m  [1mbegin transaction[0m
  [1m[35mSQL (2.0ms)[0m  INSERT INTO "messages" ("user_id", "post_id", "author", "message", "created_at", "updated_at") VALUES (?, ?, ?, ?, ?, ?)  [["user_id", 4], ["post_id", 34], ["author", "Sheev Palpatine"], ["message", "1 of 3 messages"], ["created_at", "2016-12-04 20:56:20.152761"], ["updated_at", "2016-12-04 20:56:20.152761"]]
  [1m[36m (88.9ms)[0m  [1mcommit transaction[0m
  [1m[35mUser Load (1.0ms)[0m  SELECT  "users".* FROM "users"  ORDER BY "users"."id" ASC LIMIT 1 OFFSET 3
  [1m[36mPost Load (1.0ms)[0m  [1mSELECT  "posts".* FROM "posts"  ORDER BY "posts"."id" DESC LIMIT 1[0m
  [1m[35mUser Load (1.0ms)[0m  SELECT  "users".* FROM "users"  ORDER BY "users"."id" ASC LIMIT 1 OFFSET 3
  [1m[36m (0.0ms)[0m  [1mbegin transaction[0m
  [1m[35mSQL (3.0ms)[0m  INSERT INTO "messages" ("user_id", "post_id", "author", "message", "created_at", "updated_at") VALUES (?, ?, ?, ?, ?, ?)  [["user_id", 4], ["post_id", 34], ["author", "Sheev Palpatine"], ["message", "2 of 3 messages"], ["created_at", "2016-12-04 20:56:20.262777"], ["updated_at", "2016-12-04 20:56:20.262777"]]
  [1m[36m (70.0ms)[0m  [1mcommit transaction[0m
  [1m[35mUser Load (1.0ms)[0m  SELECT  "users".* FROM "users"  ORDER BY "users"."id" ASC LIMIT 1 OFFSET 3
  [1m[36mPost Load (0.0ms)[0m  [1mSELECT  "posts".* FROM "posts"  ORDER BY "posts"."id" DESC LIMIT 1[0m
  [1m[35mUser Load (0.0ms)[0m  SELECT  "users".* FROM "users"  ORDER BY "users"."id" ASC LIMIT 1 OFFSET 3
  [1m[36m (0.0ms)[0m  [1mbegin transaction[0m
  [1m[35mSQL (1.0ms)[0m  INSERT INTO "messages" ("user_id", "post_id", "author", "message", "created_at", "updated_at") VALUES (?, ?, ?, ?, ?, ?)  [["user_id", 4], ["post_id", 34], ["author", "Sheev Palpatine"], ["message", "3 of 3 messages"], ["created_at", "2016-12-04 20:56:20.346784"], ["updated_at", "2016-12-04 20:56:20.346784"]]
  [1m[36m (71.1ms)[0m  [1mcommit transaction[0m
  [1m[35mMessage Load (1.0ms)[0m  SELECT "messages".* FROM "messages"
  [1m[36mOwner Load (0.0ms)[0m  [1mSELECT "owners".* FROM "owners"[0m
  [1m[35mPost Load (0.0ms)[0m  SELECT "posts".* FROM "posts"
  [1m[36mPost Load (0.0ms)[0m  [1mSELECT  "posts".* FROM "posts" WHERE "posts"."id" = ? LIMIT 1[0m  [["id", 2]]
  [1m[35mUser Load (0.0ms)[0m  SELECT  "users".* FROM "users"  ORDER BY "users"."id" DESC LIMIT 1
  [1m[36m (0.0ms)[0m  [1mbegin transaction[0m
  [1m[35mSQL (2.0ms)[0m  UPDATE "posts" SET "user_id" = ?, "updated_at" = ? WHERE "posts"."id" = ?  [["user_id", 5], ["updated_at", "2016-12-04 20:59:49.846691"], ["id", 2]]
  [1m[36m (94.7ms)[0m  [1mcommit transaction[0m
  [1m[35mPost Load (0.5ms)[0m  SELECT "posts".* FROM "posts"
  [1m[36mPost Load (1.0ms)[0m  [1mSELECT  "posts".* FROM "posts" WHERE "posts"."id" = ? LIMIT 1[0m  [["id", 2]]
  [1m[35m (0.0ms)[0m  begin transaction
  [1m[36mSQL (3.0ms)[0m  [1mUPDATE "posts" SET "content" = ?, "updated_at" = ? WHERE "posts"."id" = ?[0m  [["content", "Content changed to 'something else'"], ["updated_at", "2016-12-04 21:00:41.665793"], ["id", 2]]
  [1m[35m (97.2ms)[0m  commit transaction
  [1m[36mPost Load (0.0ms)[0m  [1mSELECT "posts".* FROM "posts"[0m
  [1m[35mUser Load (0.0ms)[0m  SELECT  "users".* FROM "users" WHERE "users"."id" = ? LIMIT 1  [["id", 3]]
  [1m[36mBlog Load (1.0ms)[0m  [1mSELECT "blogs".* FROM "blogs" INNER JOIN "owners" ON "blogs"."id" = "owners"."blog_id" WHERE "owners"."user_id" = ?[0m  [["user_id", 3]]
  [1m[35mUser Load (0.0ms)[0m  SELECT  "users".* FROM "users" WHERE "users"."id" = ? LIMIT 1  [["id", 3]]
  [1m[36mUser Load (0.0ms)[0m  [1mSELECT  "users".* FROM "users" WHERE "users"."id" = ? LIMIT 1[0m  [["id", 3]]
  [1m[35mBlog Load (0.0ms)[0m  SELECT "blogs".* FROM "blogs" INNER JOIN "owners" ON "blogs"."id" = "owners"."blog_id" WHERE "owners"."user_id" = ?  [["user_id", 3]]
  [1m[36mUser Load (1.0ms)[0m  [1mSELECT  "users".* FROM "users" WHERE "users"."id" = ? LIMIT 1[0m  [["id", 3]]
  [1m[35mUser Load (1.0ms)[0m  SELECT  "users".* FROM "users" WHERE "users"."id" = ? LIMIT 1  [["id", 3]]
  [1m[36mPost Load (0.0ms)[0m  [1mSELECT "posts".* FROM "posts" WHERE "posts"."user_id" = ?[0m  [["user_id", 3]]
  [1m[35mUser Load (1.0ms)[0m  SELECT  "users".* FROM "users" WHERE "users"."id" = ? LIMIT 1  [["id", 3]]
  [1m[36mMessage Load (1.0ms)[0m  [1mSELECT "messages".* FROM "messages" WHERE "messages"."user_id" = ?[0m  [["user_id", 3]]
  [1m[35mBlog Load (0.0ms)[0m  SELECT  "blogs".* FROM "blogs"  ORDER BY "blogs"."id" ASC LIMIT 1
  [1m[36mPost Load (1.0ms)[0m  [1mSELECT "posts".* FROM "posts" WHERE "posts"."blog_id" = ?[0m  [["blog_id", 1]]
  [1m[35mBlog Load (1.0ms)[0m  SELECT  "blogs".* FROM "blogs"  ORDER BY "blogs"."id" ASC LIMIT 1
  [1m[36mPost Load (1.0ms)[0m  [1mSELECT "posts".* FROM "posts" WHERE "posts"."blog_id" = ?[0m  [["blog_id", 1]]
  [1m[35mBlog Load (0.0ms)[0m  SELECT  "blogs".* FROM "blogs"  ORDER BY "blogs"."id" ASC LIMIT 1
  [1m[36mPost Load (0.0ms)[0m  [1mSELECT "posts".* FROM "posts" INNER JOIN "users" ON "users"."id" = "posts"."user_id" WHERE "posts"."blog_id" = ?[0m  [["blog_id", 1]]
  [1m[35mBlog Load (1.0ms)[0m  SELECT  "blogs".* FROM "blogs"  ORDER BY "blogs"."id" ASC LIMIT 1
  [1m[36mBlog Load (0.0ms)[0m  [1mSELECT  "blogs".* FROM "blogs"  ORDER BY "blogs"."id" ASC LIMIT 1[0m
  [1m[35mUser Load (0.0ms)[0m  SELECT "users".* FROM "users"
  [1m[36mBlog Load (0.0ms)[0m  [1mSELECT  "blogs".* FROM "blogs"  ORDER BY "blogs"."id" ASC LIMIT 1[0m
  [1m[35mPost Load (1.0ms)[0m  SELECT "posts".* FROM "posts" INNER JOIN "users" ON "users"."id" = "posts"."user_id" WHERE "posts"."blog_id" = ?  [["blog_id", 1]]
  [1m[36mBlog Load (0.0ms)[0m  [1mSELECT  "blogs".* FROM "blogs"  ORDER BY "blogs"."id" ASC LIMIT 1[0m
  [1m[35mPost Load (0.0ms)[0m  SELECT "posts".* FROM "posts" WHERE "posts"."blog_id" = ?  [["blog_id", 1]]
  [1m[36mBlog Load (0.0ms)[0m  [1mSELECT  "blogs".* FROM "blogs"  ORDER BY "blogs"."id" ASC LIMIT 1[0m
  [1m[35mOwner Load (0.0ms)[0m  SELECT "owners".* FROM "owners" WHERE "owners"."blog_id" = ?  [["blog_id", 1]]
  [1m[36mBlog Load (1.0ms)[0m  [1mSELECT  "blogs".* FROM "blogs"  ORDER BY "blogs"."id" ASC LIMIT 1[0m
  [1m[35m (1.0ms)[0m  begin transaction
  [1m[36m (0.0ms)[0m  [1mrollback transaction[0m
  [1m[35mBlog Load (0.5ms)[0m  SELECT  "blogs".* FROM "blogs"  ORDER BY "blogs"."id" ASC LIMIT 1
  [1m[36mUser Load (0.0ms)[0m  [1mSELECT  "users".* FROM "users"  ORDER BY "users"."id" DESC LIMIT 1[0m
  [1m[35m (0.0ms)[0m  begin transaction
  [1m[36m (0.0ms)[0m  [1mrollback transaction[0m
  [1m[35mBlog Load (0.0ms)[0m  SELECT  "blogs".* FROM "blogs"  ORDER BY "blogs"."id" ASC LIMIT 1
  [1m[36mOwner Load (0.5ms)[0m  [1mSELECT "owners".* FROM "owners" WHERE "owners"."blog_id" = ?[0m  [["blog_id", 1]]
  [1m[35mUser Load (0.0ms)[0m  SELECT  "users".* FROM "users"  ORDER BY "users"."id" ASC LIMIT 1
  [1m[36mBlog Load (0.0ms)[0m  [1mSELECT  "blogs".* FROM "blogs"  ORDER BY "blogs"."id" ASC LIMIT 1[0m
  [1m[35mOwner Load (0.0ms)[0m  SELECT "owners".* FROM "owners" WHERE "owners"."user_id" = 1 AND "owners"."blog_id" = 1
  [1m[36mUser Load (0.0ms)[0m  [1mSELECT  "users".* FROM "users"  ORDER BY "users"."id" ASC LIMIT 1[0m
  [1m[35mBlog Load (0.5ms)[0m  SELECT  "blogs".* FROM "blogs"  ORDER BY "blogs"."id" ASC LIMIT 1
  [1m[36mBlog Load (1.0ms)[0m  [1mSELECT  "blogs".* FROM "blogs"  ORDER BY "blogs"."id" ASC LIMIT 1[0m
  [1m[35mOwner Load (0.0ms)[0m  SELECT "owners".* FROM "owners" WHERE "owners"."blog_id" = ?  [["blog_id", 1]]
  [1m[36mUser Load (0.0ms)[0m  [1mSELECT  "users".* FROM "users"  ORDER BY "users"."id" ASC LIMIT 1[0m
  [1m[35mBlog Load (0.0ms)[0m  SELECT  "blogs".* FROM "blogs"  ORDER BY "blogs"."id" ASC LIMIT 1
  [1m[36mOwner Load (0.0ms)[0m  [1mSELECT  "owners".* FROM "owners" WHERE "owners"."user_id" = 1 AND "owners"."blog_id" = 1 AND "owners"."id" = ? LIMIT 1[0m  [["id", 1]]
  [1m[35m (0.0ms)[0m  begin transaction
  [1m[36mSQL (3.0ms)[0m  [1mDELETE FROM "owners" WHERE "owners"."id" = ?[0m  [["id", 1]]
  [1m[35m (109.5ms)[0m  commit transaction
  [1m[36mBlog Load (0.0ms)[0m  [1mSELECT  "blogs".* FROM "blogs"  ORDER BY "blogs"."id" ASC LIMIT 1[0m
  [1m[35mOwner Load (0.0ms)[0m  SELECT "owners".* FROM "owners" WHERE "owners"."blog_id" = ?  [["blog_id", 1]]
  [1m[36mActiveRecord::SchemaMigration Load (0.0ms)[0m  [1mSELECT "schema_migrations".* FROM "schema_migrations"[0m
Migrating to CreateComments (20161204214658)
  [1m[35m (0.0ms)[0m  begin transaction
  [1m[36m (2.7ms)[0m  [1mCREATE TABLE "comments" ("id" INTEGER PRIMARY KEY AUTOINCREMENT NOT NULL, "commentable_id" integer, "commentable_type" varchar, "created_at" datetime NOT NULL, "updated_at" datetime NOT NULL) [0m
  [1m[35m (0.0ms)[0m  select sqlite_version(*)
  [1m[36m (0.0ms)[0m  [1mCREATE  INDEX "index_comments_on_commentable_type_and_commentable_id" ON "comments" ("commentable_type", "commentable_id")[0m
  [1m[35mSQL (0.0ms)[0m  INSERT INTO "schema_migrations" ("version") VALUES (?)  [["version", "20161204214658"]]
  [1m[36m (120.7ms)[0m  [1mcommit transaction[0m
  [1m[35mActiveRecord::SchemaMigration Load (0.0ms)[0m  SELECT "schema_migrations".* FROM "schema_migrations"
  [1m[36m (1.0ms)[0m  [1m            SELECT sql
            FROM sqlite_master
            WHERE name='index_comments_on_commentable_type_and_commentable_id' AND type='index'
            UNION ALL
            SELECT sql
            FROM sqlite_temp_master
            WHERE name='index_comments_on_commentable_type_and_commentable_id' AND type='index'
[0m
  [1m[35m (1.0ms)[0m              SELECT sql
            FROM sqlite_master
            WHERE name='index_messages_on_user_id' AND type='index'
            UNION ALL
            SELECT sql
            FROM sqlite_temp_master
            WHERE name='index_messages_on_user_id' AND type='index'

  [1m[36m (0.0ms)[0m  [1m            SELECT sql
            FROM sqlite_master
            WHERE name='index_messages_on_post_id' AND type='index'
            UNION ALL
            SELECT sql
            FROM sqlite_temp_master
            WHERE name='index_messages_on_post_id' AND type='index'
[0m
  [1m[35m (0.0ms)[0m              SELECT sql
            FROM sqlite_master
            WHERE name='index_owners_on_blog_id' AND type='index'
            UNION ALL
            SELECT sql
            FROM sqlite_temp_master
            WHERE name='index_owners_on_blog_id' AND type='index'

  [1m[36m (0.0ms)[0m  [1m            SELECT sql
            FROM sqlite_master
            WHERE name='index_owners_on_user_id' AND type='index'
            UNION ALL
            SELECT sql
            FROM sqlite_temp_master
            WHERE name='index_owners_on_user_id' AND type='index'
[0m
  [1m[35m (1.0ms)[0m              SELECT sql
            FROM sqlite_master
            WHERE name='index_posts_on_user_id' AND type='index'
            UNION ALL
            SELECT sql
            FROM sqlite_temp_master
            WHERE name='index_posts_on_user_id' AND type='index'

  [1m[36m (0.0ms)[0m  [1m            SELECT sql
            FROM sqlite_master
            WHERE name='index_posts_on_blog_id' AND type='index'
            UNION ALL
            SELECT sql
            FROM sqlite_temp_master
            WHERE name='index_posts_on_blog_id' AND type='index'
[0m
  [1m[36mActiveRecord::SchemaMigration Load (0.0ms)[0m  [1mSELECT "schema_migrations".* FROM "schema_migrations"[0m
  [1m[35mActiveRecord::SchemaMigration Load (0.5ms)[0m  SELECT "schema_migrations".* FROM "schema_migrations"
  [1m[36m (0.0ms)[0m  [1m            SELECT sql
            FROM sqlite_master
            WHERE name='index_comments_on_commentable_type_and_commentable_id' AND type='index'
            UNION ALL
            SELECT sql
            FROM sqlite_temp_master
            WHERE name='index_comments_on_commentable_type_and_commentable_id' AND type='index'
[0m
  [1m[35m (0.5ms)[0m              SELECT sql
            FROM sqlite_master
            WHERE name='index_messages_on_user_id' AND type='index'
            UNION ALL
            SELECT sql
            FROM sqlite_temp_master
            WHERE name='index_messages_on_user_id' AND type='index'

  [1m[36m (0.0ms)[0m  [1m            SELECT sql
            FROM sqlite_master
            WHERE name='index_messages_on_post_id' AND type='index'
            UNION ALL
            SELECT sql
            FROM sqlite_temp_master
            WHERE name='index_messages_on_post_id' AND type='index'
[0m
  [1m[35m (0.5ms)[0m              SELECT sql
            FROM sqlite_master
            WHERE name='index_owners_on_blog_id' AND type='index'
            UNION ALL
            SELECT sql
            FROM sqlite_temp_master
            WHERE name='index_owners_on_blog_id' AND type='index'

  [1m[36m (0.0ms)[0m  [1m            SELECT sql
            FROM sqlite_master
            WHERE name='index_owners_on_user_id' AND type='index'
            UNION ALL
            SELECT sql
            FROM sqlite_temp_master
            WHERE name='index_owners_on_user_id' AND type='index'
[0m
  [1m[35m (0.0ms)[0m              SELECT sql
            FROM sqlite_master
            WHERE name='index_posts_on_user_id' AND type='index'
            UNION ALL
            SELECT sql
            FROM sqlite_temp_master
            WHERE name='index_posts_on_user_id' AND type='index'

  [1m[36m (0.0ms)[0m  [1m            SELECT sql
            FROM sqlite_master
            WHERE name='index_posts_on_blog_id' AND type='index'
            UNION ALL
            SELECT sql
            FROM sqlite_temp_master
            WHERE name='index_posts_on_blog_id' AND type='index'
[0m
  [1m[36mComment Load (2.0ms)[0m  [1mSELECT "comments".* FROM "comments"[0m
  [1m[36mActiveRecord::SchemaMigration Load (0.5ms)[0m  [1mSELECT "schema_migrations".* FROM "schema_migrations"[0m
  [1m[35mActiveRecord::SchemaMigration Load (0.0ms)[0m  SELECT "schema_migrations".* FROM "schema_migrations"
  [1m[36m (1.0ms)[0m  [1m            SELECT sql
            FROM sqlite_master
            WHERE name='index_comments_on_commentable_type_and_commentable_id' AND type='index'
            UNION ALL
            SELECT sql
            FROM sqlite_temp_master
            WHERE name='index_comments_on_commentable_type_and_commentable_id' AND type='index'
[0m
  [1m[35m (0.0ms)[0m              SELECT sql
            FROM sqlite_master
            WHERE name='index_messages_on_user_id' AND type='index'
            UNION ALL
            SELECT sql
            FROM sqlite_temp_master
            WHERE name='index_messages_on_user_id' AND type='index'

  [1m[36m (0.0ms)[0m  [1m            SELECT sql
            FROM sqlite_master
            WHERE name='index_messages_on_post_id' AND type='index'
            UNION ALL
            SELECT sql
            FROM sqlite_temp_master
            WHERE name='index_messages_on_post_id' AND type='index'
[0m
  [1m[35m (0.0ms)[0m              SELECT sql
            FROM sqlite_master
            WHERE name='index_owners_on_blog_id' AND type='index'
            UNION ALL
            SELECT sql
            FROM sqlite_temp_master
            WHERE name='index_owners_on_blog_id' AND type='index'

  [1m[36m (1.0ms)[0m  [1m            SELECT sql
            FROM sqlite_master
            WHERE name='index_owners_on_user_id' AND type='index'
            UNION ALL
            SELECT sql
            FROM sqlite_temp_master
            WHERE name='index_owners_on_user_id' AND type='index'
[0m
  [1m[35m (0.0ms)[0m              SELECT sql
            FROM sqlite_master
            WHERE name='index_posts_on_user_id' AND type='index'
            UNION ALL
            SELECT sql
            FROM sqlite_temp_master
            WHERE name='index_posts_on_user_id' AND type='index'

  [1m[36m (0.0ms)[0m  [1m            SELECT sql
            FROM sqlite_master
            WHERE name='index_posts_on_blog_id' AND type='index'
            UNION ALL
            SELECT sql
            FROM sqlite_temp_master
            WHERE name='index_posts_on_blog_id' AND type='index'
[0m
  [1m[36mActiveRecord::SchemaMigration Load (0.0ms)[0m  [1mSELECT "schema_migrations".* FROM "schema_migrations"[0m
Migrating to AddcOlumnForCommentTextinCommentTable (20161204220455)
  [1m[35m (0.0ms)[0m  begin transaction
  [1m[36m (0.0ms)[0m  [1mALTER TABLE "comment" ADD "comment_text" text[0m
  [1m[35m (0.0ms)[0m  rollback transaction
  [1m[36mActiveRecord::SchemaMigration Load (0.5ms)[0m  [1mSELECT "schema_migrations".* FROM "schema_migrations"[0m
Migrating to AddcOlumnForCommentTextinCommentTable (20161204220455)
  [1m[35m (0.0ms)[0m  begin transaction
  [1m[36m (3.0ms)[0m  [1mALTER TABLE "comments" ADD "comment_text" text[0m
  [1m[35mSQL (0.5ms)[0m  INSERT INTO "schema_migrations" ("version") VALUES (?)  [["version", "20161204220455"]]
  [1m[36m (95.1ms)[0m  [1mcommit transaction[0m
  [1m[35mActiveRecord::SchemaMigration Load (0.0ms)[0m  SELECT "schema_migrations".* FROM "schema_migrations"
  [1m[36m (0.0ms)[0m  [1m            SELECT sql
            FROM sqlite_master
            WHERE name='index_comments_on_commentable_type_and_commentable_id' AND type='index'
            UNION ALL
            SELECT sql
            FROM sqlite_temp_master
            WHERE name='index_comments_on_commentable_type_and_commentable_id' AND type='index'
[0m
  [1m[35m (0.0ms)[0m              SELECT sql
            FROM sqlite_master
            WHERE name='index_messages_on_user_id' AND type='index'
            UNION ALL
            SELECT sql
            FROM sqlite_temp_master
            WHERE name='index_messages_on_user_id' AND type='index'

  [1m[36m (0.0ms)[0m  [1m            SELECT sql
            FROM sqlite_master
            WHERE name='index_messages_on_post_id' AND type='index'
            UNION ALL
            SELECT sql
            FROM sqlite_temp_master
            WHERE name='index_messages_on_post_id' AND type='index'
[0m
  [1m[35m (0.0ms)[0m              SELECT sql
            FROM sqlite_master
            WHERE name='index_owners_on_blog_id' AND type='index'
            UNION ALL
            SELECT sql
            FROM sqlite_temp_master
            WHERE name='index_owners_on_blog_id' AND type='index'

  [1m[36m (0.0ms)[0m  [1m            SELECT sql
            FROM sqlite_master
            WHERE name='index_owners_on_user_id' AND type='index'
            UNION ALL
            SELECT sql
            FROM sqlite_temp_master
            WHERE name='index_owners_on_user_id' AND type='index'
[0m
  [1m[35m (0.0ms)[0m              SELECT sql
            FROM sqlite_master
            WHERE name='index_posts_on_user_id' AND type='index'
            UNION ALL
            SELECT sql
            FROM sqlite_temp_master
            WHERE name='index_posts_on_user_id' AND type='index'

  [1m[36m (0.0ms)[0m  [1m            SELECT sql
            FROM sqlite_master
            WHERE name='index_posts_on_blog_id' AND type='index'
            UNION ALL
            SELECT sql
            FROM sqlite_temp_master
            WHERE name='index_posts_on_blog_id' AND type='index'
[0m
  [1m[36mBlog Load (0.0ms)[0m  [1mSELECT  "blogs".* FROM "blogs"  ORDER BY "blogs"."id" ASC LIMIT 1[0m
  [1m[35m (0.0ms)[0m  begin transaction
  [1m[36mSQL (1.0ms)[0m  [1mINSERT INTO "comments" ("commentable_type", "commentable_id", "comment_text", "created_at", "updated_at") VALUES (?, ?, ?, ?, ?)[0m  [["commentable_type", "Blog"], ["commentable_id", 1], ["comment_text", "Testing a comment for Blog Number 1"], ["created_at", "2016-12-04 22:14:52.182003"], ["updated_at", "2016-12-04 22:14:52.182003"]]
  [1m[35m (67.3ms)[0m  commit transaction
  [1m[36mComment Load (1.0ms)[0m  [1mSELECT "comments".* FROM "comments"[0m
  [1m[35mComment Load (1.0ms)[0m  SELECT "comments".* FROM "comments"
  [1m[36mUser Load (0.0ms)[0m  [1mSELECT  "users".* FROM "users"  ORDER BY "users"."id" ASC LIMIT 1[0m
  [1m[35m (0.0ms)[0m  begin transaction
  [1m[36mSQL (2.1ms)[0m  [1mINSERT INTO "comments" ("comment_text", "created_at", "updated_at") VALUES (?, ?, ?)[0m  [["comment_text", "2 another test"], ["created_at", "2016-12-04 22:16:33.933921"], ["updated_at", "2016-12-04 22:16:33.933921"]]
  [1m[35m (73.5ms)[0m  commit transaction
  [1m[36mComment Load (0.0ms)[0m  [1mSELECT "comments".* FROM "comments"[0m
  [1m[35mBlog Load (1.0ms)[0m  SELECT  "blogs".* FROM "blogs"  ORDER BY "blogs"."id" ASC LIMIT 1
  [1m[36mComment Load (0.0ms)[0m  [1mSELECT "comments".* FROM "comments" WHERE "comments"."commentable_id" = ? AND "comments"."commentable_type" = ?[0m  [["commentable_id", 1], ["commentable_type", "Blog"]]
  [1m[35mComment Load (1.0ms)[0m  SELECT  "comments".* FROM "comments"  ORDER BY "comments"."id" ASC LIMIT 1 OFFSET 1
  [1m[36mComment Load (1.0ms)[0m  [1mSELECT "comments".* FROM "comments"[0m
  [1m[35mComment Load (1.0ms)[0m  SELECT  "comments".* FROM "comments" WHERE "comments"."id" = ? LIMIT 1  [["id", 2]]
  [1m[36mComment Load (0.0ms)[0m  [1mSELECT  "comments".* FROM "comments" WHERE "comments"."id" = ? LIMIT 1[0m  [["id", 2]]
  [1m[35mComment Load (1.0ms)[0m  SELECT  "comments".* FROM "comments" WHERE "comments"."id" = ? LIMIT 1  [["id", 2]]
  [1m[36m (0.0ms)[0m  [1mbegin transaction[0m
  [1m[35mSQL (2.0ms)[0m  DELETE FROM "comments" WHERE "comments"."id" = ?  [["id", 2]]
  [1m[36m (112.7ms)[0m  [1mcommit transaction[0m
  [1m[35mComment Load (1.0ms)[0m  SELECT "comments".* FROM "comments"
  [1m[36mUser Load (0.0ms)[0m  [1mSELECT  "users".* FROM "users"  ORDER BY "users"."id" ASC LIMIT 1[0m
  [1m[35m (0.0ms)[0m  begin transaction
  [1m[36mSQL (1.0ms)[0m  [1mINSERT INTO "comments" ("commentable_id", "commentable_type", "comment_text", "created_at", "updated_at") VALUES (?, ?, ?, ?, ?)[0m  [["commentable_id", 1], ["commentable_type", "User"], ["comment_text", "3rd time to comment - this one on User 1"], ["created_at", "2016-12-04 22:21:00.004553"], ["updated_at", "2016-12-04 22:21:00.004553"]]
  [1m[35m (87.0ms)[0m  commit transaction
  [1m[36mComment Load (1.0ms)[0m  [1mSELECT "comments".* FROM "comments"[0m
  [1m[35mBlog Load (0.0ms)[0m  SELECT  "blogs".* FROM "blogs" WHERE "blogs"."id" = ? LIMIT 1  [["id", 1]]
  [1m[36m (0.0ms)[0m  [1mbegin transaction[0m
  [1m[35mSQL (2.0ms)[0m  INSERT INTO "comments" ("commentable_id", "commentable_type", "comment_text", "created_at", "updated_at") VALUES (?, ?, ?, ?, ?)  [["commentable_id", 1], ["commentable_type", "Blog"], ["comment_text", "Another comment for Blog 1"], ["created_at", "2016-12-04 22:22:09.199849"], ["updated_at", "2016-12-04 22:22:09.199849"]]
  [1m[36m (96.1ms)[0m  [1mcommit transaction[0m
  [1m[35mBlog Load (0.0ms)[0m  SELECT  "blogs".* FROM "blogs"  ORDER BY "blogs"."id" ASC LIMIT 1
  [1m[36mComment Load (0.5ms)[0m  [1mSELECT  "comments".* FROM "comments" WHERE "comments"."id" = ? LIMIT 1[0m  [["id", 1]]
  [1m[35m (0.0ms)[0m  begin transaction
  [1m[36mSQL (49.7ms)[0m  [1mUPDATE "comments" SET "comment_text" = ?, "updated_at" = ? WHERE "comments"."id" = ?[0m  [["comment_text", "Blog 1 - the first comment"], ["updated_at", "2016-12-04 22:24:36.134682"], ["id", 1]]
  [1m[35m (96.6ms)[0m  commit transaction
  [1m[36mComment Load (0.0ms)[0m  [1mSELECT "comments".* FROM "comments"[0m
  [1m[35mPost Load (0.0ms)[0m  SELECT  "posts".* FROM "posts"  ORDER BY "posts"."id" ASC LIMIT 1 OFFSET 1
  [1m[36m (0.0ms)[0m  [1mbegin transaction[0m
  [1m[35mSQL (2.0ms)[0m  INSERT INTO "comments" ("commentable_id", "commentable_type", "comment_text", "created_at", "updated_at") VALUES (?, ?, ?, ?, ?)  [["commentable_id", 2], ["commentable_type", "Post"], ["comment_text", "Commenting on a post"], ["created_at", "2016-12-04 22:25:47.303022"], ["updated_at", "2016-12-04 22:25:47.303022"]]
  [1m[36m (113.8ms)[0m  [1mcommit transaction[0m
  [1m[35mMessage Load (0.0ms)[0m  SELECT  "messages".* FROM "messages"  ORDER BY "messages"."id" ASC LIMIT 1 OFFSET 2
  [1m[36m (0.0ms)[0m  [1mbegin transaction[0m
  [1m[35mSQL (2.0ms)[0m  INSERT INTO "comments" ("commentable_id", "commentable_type", "comment_text", "created_at", "updated_at") VALUES (?, ?, ?, ?, ?)  [["commentable_id", 3], ["commentable_type", "Message"], ["comment_text", "Commenting on a message"], ["created_at", "2016-12-04 22:26:15.226125"], ["updated_at", "2016-12-04 22:26:15.226125"]]
  [1m[36m (126.3ms)[0m  [1mcommit transaction[0m
  [1m[35mComment Load (0.0ms)[0m  SELECT "comments".* FROM "comments"
  [1m[36mBlog Load (1.0ms)[0m  [1mSELECT  "blogs".* FROM "blogs"  ORDER BY "blogs"."id" ASC LIMIT 1[0m
  [1m[35mComment Load (0.0ms)[0m  SELECT "comments".* FROM "comments" WHERE "comments"."commentable_id" = ? AND "comments"."commentable_type" = ?  [["commentable_id", 1], ["commentable_type", "Blog"]]
  [1m[36mBlog Load (0.0ms)[0m  [1mSELECT "blogs".* FROM "blogs"[0m
  [1m[35mUser Load (0.0ms)[0m  SELECT  "users".* FROM "users" WHERE "users"."id" = ? LIMIT 1  [["id", 1]]
  [1m[36mComment Load (0.0ms)[0m  [1mSELECT "comments".* FROM "comments" WHERE "comments"."commentable_id" = ? AND "comments"."commentable_type" = ?[0m  [["commentable_id", 1], ["commentable_type", "User"]]
  [1m[35mPost Load (0.0ms)[0m  SELECT  "posts".* FROM "posts"  ORDER BY "posts"."id" ASC LIMIT 1 OFFSET 1
  [1m[36mComment Load (0.0ms)[0m  [1mSELECT "comments".* FROM "comments" WHERE "comments"."commentable_id" = ? AND "comments"."commentable_type" = ?[0m  [["commentable_id", 2], ["commentable_type", "Post"]]
  [1m[35mPost Load (0.0ms)[0m  SELECT "posts".* FROM "posts"
  [1m[36mMessage Load (0.0ms)[0m  [1mSELECT "messages".* FROM "messages"[0m
  [1m[35mMessage Load (1.0ms)[0m  SELECT  "messages".* FROM "messages"  ORDER BY "messages"."id" ASC LIMIT 1
  [1m[36mComment Load (0.5ms)[0m  [1mSELECT "comments".* FROM "comments"[0m
