  [1m[36m (112.9ms)[0m  [1mCREATE TABLE "schema_migrations" ("version" varchar NOT NULL) [0m
  [1m[35m (0.0ms)[0m  select sqlite_version(*)
  [1m[36m (96.0ms)[0m  [1mCREATE UNIQUE INDEX "unique_schema_migrations" ON "schema_migrations" ("version")[0m
  [1m[35mActiveRecord::SchemaMigration Load (1.0ms)[0m  SELECT "schema_migrations".* FROM "schema_migrations"
Migrating to CreateBlogs (20161202210034)
  [1m[36m (0.0ms)[0m  [1mbegin transaction[0m
  [1m[35m (2.0ms)[0m  CREATE TABLE "blogs" ("id" INTEGER PRIMARY KEY AUTOINCREMENT NOT NULL, "name" varchar, "description" text, "created_at" datetime NOT NULL, "updated_at" datetime NOT NULL) 
  [1m[36mSQL (0.0ms)[0m  [1mINSERT INTO "schema_migrations" ("version") VALUES (?)[0m  [["version", "20161202210034"]]
  [1m[35m (82.0ms)[0m  commit transaction
  [1m[36mActiveRecord::SchemaMigration Load (0.0ms)[0m  [1mSELECT "schema_migrations".* FROM "schema_migrations"[0m
  [1m[36mActiveRecord::SchemaMigration Load (0.0ms)[0m  [1mSELECT "schema_migrations".* FROM "schema_migrations"[0m
Migrating to CreatePosts (20161202210312)
  [1m[35m (0.0ms)[0m  begin transaction
  [1m[36m (1.8ms)[0m  [1mCREATE TABLE "posts" ("id" INTEGER PRIMARY KEY AUTOINCREMENT NOT NULL, "title" varchar, "content" text, "blog_id" integer, "created_at" datetime NOT NULL, "updated_at" datetime NOT NULL) [0m
  [1m[35m (0.0ms)[0m  select sqlite_version(*)
  [1m[36m (0.0ms)[0m  [1mCREATE  INDEX "index_posts_on_blog_id" ON "posts" ("blog_id")[0m
  [1m[35mSQL (0.0ms)[0m  INSERT INTO "schema_migrations" ("version") VALUES (?)  [["version", "20161202210312"]]
  [1m[36m (78.1ms)[0m  [1mcommit transaction[0m
Migrating to CreateMessages (20161202210413)
  [1m[35m (0.0ms)[0m  begin transaction
  [1m[36m (1.0ms)[0m  [1mCREATE TABLE "messages" ("id" INTEGER PRIMARY KEY AUTOINCREMENT NOT NULL, "author" varchar, "message" text, "post_id" integer, "created_at" datetime NOT NULL, "updated_at" datetime NOT NULL) [0m
  [1m[35m (0.0ms)[0m  CREATE  INDEX "index_messages_on_post_id" ON "messages" ("post_id")
  [1m[36mSQL (0.0ms)[0m  [1mINSERT INTO "schema_migrations" ("version") VALUES (?)[0m  [["version", "20161202210413"]]
  [1m[35m (62.7ms)[0m  commit transaction
  [1m[36mActiveRecord::SchemaMigration Load (1.0ms)[0m  [1mSELECT "schema_migrations".* FROM "schema_migrations"[0m
  [1m[35m (0.0ms)[0m              SELECT sql
            FROM sqlite_master
            WHERE name='index_messages_on_post_id' AND type='index'
            UNION ALL
            SELECT sql
            FROM sqlite_temp_master
            WHERE name='index_messages_on_post_id' AND type='index'

  [1m[36m (0.0ms)[0m  [1m            SELECT sql
            FROM sqlite_master
            WHERE name='index_posts_on_blog_id' AND type='index'
            UNION ALL
            SELECT sql
            FROM sqlite_temp_master
            WHERE name='index_posts_on_blog_id' AND type='index'
[0m
  [1m[36m (0.0ms)[0m  [1mbegin transaction[0m
  [1m[35mSQL (1.0ms)[0m  INSERT INTO "blogs" ("name", "description", "created_at", "updated_at") VALUES (?, ?, ?, ?)  [["name", "Ms. Wiley Kautzer"], ["description", "Blog photo booth hashtag xoxo cold-pressed."], ["created_at", "2016-12-02 21:19:42.263126"], ["updated_at", "2016-12-02 21:19:42.263126"]]
  [1m[36m (83.2ms)[0m  [1mcommit transaction[0m
  [1m[35m (0.5ms)[0m  begin transaction
  [1m[36mSQL (3.5ms)[0m  [1mINSERT INTO "blogs" ("name", "description", "created_at", "updated_at") VALUES (?, ?, ?, ?)[0m  [["name", "Dr. Jaden Cormier"], ["description", "Poutine goth brunch shoreditch post-ironic."], ["created_at", "2016-12-02 21:19:42.359819"], ["updated_at", "2016-12-02 21:19:42.359819"]]
  [1m[35m (69.6ms)[0m  commit transaction
  [1m[36m (1.0ms)[0m  [1mbegin transaction[0m
  [1m[35mSQL (1.0ms)[0m  INSERT INTO "blogs" ("name", "description", "created_at", "updated_at") VALUES (?, ?, ?, ?)  [["name", "Sibyl Lemke"], ["description", "Selfies mustache cred ennui squid fanny pack carry."], ["created_at", "2016-12-02 21:19:42.440389"], ["updated_at", "2016-12-02 21:19:42.440389"]]
  [1m[36m (94.7ms)[0m  [1mcommit transaction[0m
  [1m[35m (0.0ms)[0m  begin transaction
  [1m[36mSQL (1.0ms)[0m  [1mINSERT INTO "blogs" ("name", "description", "created_at", "updated_at") VALUES (?, ?, ?, ?)[0m  [["name", "Miles Satterfield"], ["description", "Put a bird on it freegan normcore hammock tofu selvage kombucha."], ["created_at", "2016-12-02 21:19:42.540099"], ["updated_at", "2016-12-02 21:19:42.540099"]]
  [1m[35m (123.1ms)[0m  commit transaction
  [1m[36m (0.0ms)[0m  [1mbegin transaction[0m
  [1m[35mSQL (3.0ms)[0m  INSERT INTO "blogs" ("name", "description", "created_at", "updated_at") VALUES (?, ?, ?, ?)  [["name", "Eino Schimmel V"], ["description", "Swag irony kombucha distillery tacos lomo locavore."], ["created_at", "2016-12-02 21:19:42.668715"], ["updated_at", "2016-12-02 21:19:42.668715"]]
  [1m[36m (109.1ms)[0m  [1mcommit transaction[0m
  [1m[35mBlog Load (0.0ms)[0m  SELECT "blogs".* FROM "blogs"
  [1m[36mBlog Load (1.0ms)[0m  [1mSELECT "blogs".* FROM "blogs"[0m
  [1m[35mBlog Load (0.0ms)[0m  SELECT  "blogs".* FROM "blogs" WHERE "blogs"."id" = ? LIMIT 1  [["id", 1]]
  [1m[36m (0.0ms)[0m  [1mbegin transaction[0m
  [1m[35mSQL (2.3ms)[0m  INSERT INTO "posts" ("title", "content", "blog_id", "created_at", "updated_at") VALUES (?, ?, ?, ?, ?)  [["title", "This is a test Title"], ["content", "I need to write a bunch of content here to see if it works"], ["blog_id", 1], ["created_at", "2016-12-02 21:45:24.834366"], ["updated_at", "2016-12-02 21:45:24.834366"]]
  [1m[36m (132.4ms)[0m  [1mcommit transaction[0m
  [1m[35mBlog Load (1.0ms)[0m  SELECT  "blogs".* FROM "blogs" WHERE "blogs"."id" = ? LIMIT 1  [["id", 1]]
  [1m[36m (0.0ms)[0m  [1mbegin transaction[0m
  [1m[35mSQL (2.0ms)[0m  INSERT INTO "posts" ("title", "content", "blog_id", "created_at", "updated_at") VALUES (?, ?, ?, ?, ?)  [["title", "West North Carolina University"], ["content", "When a bug sees Chuck Norris, it flees screaming in terror, and then immediately self-destructs to avoid being roundhouse-kicked."], ["blog_id", 1], ["created_at", "2016-12-02 21:48:10.435360"], ["updated_at", "2016-12-02 21:48:10.435360"]]
  [1m[36m (100.6ms)[0m  [1mcommit transaction[0m
  [1m[35mBlog Load (1.0ms)[0m  SELECT  "blogs".* FROM "blogs" WHERE "blogs"."id" = ? LIMIT 1  [["id", 1]]
  [1m[36m (0.0ms)[0m  [1mbegin transaction[0m
  [1m[35mSQL (4.0ms)[0m  INSERT INTO "posts" ("title", "content", "blog_id", "created_at", "updated_at") VALUES (?, ?, ?, ?, ?)  [["title", "Herzog Institute"], ["content", "Chuck Norris's beard can type 140 wpm."], ["blog_id", 1], ["created_at", "2016-12-02 21:48:10.548350"], ["updated_at", "2016-12-02 21:48:10.548350"]]
  [1m[36m (80.3ms)[0m  [1mcommit transaction[0m
  [1m[35mBlog Load (1.0ms)[0m  SELECT  "blogs".* FROM "blogs" WHERE "blogs"."id" = ? LIMIT 1  [["id", 1]]
  [1m[36m (0.0ms)[0m  [1mbegin transaction[0m
  [1m[35mSQL (3.0ms)[0m  INSERT INTO "posts" ("title", "content", "blog_id", "created_at", "updated_at") VALUES (?, ?, ?, ?, ?)  [["title", "Northern Kessler Institute"], ["content", "When Chuck Norris' code fails to compile the compiler apologises."], ["blog_id", 1], ["created_at", "2016-12-02 21:48:10.647623"], ["updated_at", "2016-12-02 21:48:10.647623"]]
  [1m[36m (96.5ms)[0m  [1mcommit transaction[0m
  [1m[35mPost Load (0.0ms)[0m  SELECT "posts".* FROM "posts"
  [1m[36mBlog Load (1.0ms)[0m  [1mSELECT  "blogs".* FROM "blogs" WHERE "blogs"."id" = ? LIMIT 1[0m  [["id", 2]]
  [1m[35m (1.0ms)[0m  begin transaction
  [1m[36mSQL (2.0ms)[0m  [1mINSERT INTO "posts" ("title", "content", "blog_id", "created_at", "updated_at") VALUES (?, ?, ?, ?, ?)[0m  [["title", "Southern Gibson"], ["content", "Chuck Norris can't test for equality because he has no equal."], ["blog_id", 2], ["created_at", "2016-12-02 21:52:27.853135"], ["updated_at", "2016-12-02 21:52:27.853135"]]
  [1m[35m (90.0ms)[0m  commit transaction
  [1m[36mBlog Load (1.0ms)[0m  [1mSELECT  "blogs".* FROM "blogs" WHERE "blogs"."id" = ? LIMIT 1[0m  [["id", 2]]
  [1m[35m (0.0ms)[0m  begin transaction
  [1m[36mSQL (3.0ms)[0m  [1mINSERT INTO "posts" ("title", "content", "blog_id", "created_at", "updated_at") VALUES (?, ?, ?, ?, ?)[0m  [["title", "North Johnston"], ["content", "Chuck Norris doesn't believe in floating point numbers because they can't be typed on his binary keyboard."], ["blog_id", 2], ["created_at", "2016-12-02 21:52:27.954186"], ["updated_at", "2016-12-02 21:52:27.954186"]]
  [1m[35m (135.5ms)[0m  commit transaction
  [1m[36mBlog Load (0.0ms)[0m  [1mSELECT  "blogs".* FROM "blogs" WHERE "blogs"."id" = ? LIMIT 1[0m  [["id", 2]]
  [1m[35m (0.0ms)[0m  begin transaction
  [1m[36mSQL (2.0ms)[0m  [1mINSERT INTO "posts" ("title", "content", "blog_id", "created_at", "updated_at") VALUES (?, ?, ?, ?, ?)[0m  [["title", "West Dickinson"], ["content", "When Chuck Norris points to null, null quakes in fear."], ["blog_id", 2], ["created_at", "2016-12-02 21:52:28.104658"], ["updated_at", "2016-12-02 21:52:28.104658"]]
  [1m[35m (65.6ms)[0m  commit transaction
  [1m[36mBlog Load (0.0ms)[0m  [1mSELECT  "blogs".* FROM "blogs" WHERE "blogs"."id" = ? LIMIT 1[0m  [["id", 3]]
  [1m[35m (0.0ms)[0m  begin transaction
  [1m[36mSQL (2.0ms)[0m  [1mINSERT INTO "posts" ("title", "content", "blog_id", "created_at", "updated_at") VALUES (?, ?, ?, ?, ?)[0m  [["title", "Eastern Connecticut University"], ["content", "Chuck Norris can solve the Towers of Hanoi in one move."], ["blog_id", 3], ["created_at", "2016-12-02 21:52:39.383891"], ["updated_at", "2016-12-02 21:52:39.383891"]]
  [1m[35m (96.4ms)[0m  commit transaction
  [1m[36mBlog Load (0.0ms)[0m  [1mSELECT  "blogs".* FROM "blogs" WHERE "blogs"."id" = ? LIMIT 1[0m  [["id", 3]]
  [1m[35m (0.0ms)[0m  begin transaction
  [1m[36mSQL (3.0ms)[0m  [1mINSERT INTO "posts" ("title", "content", "blog_id", "created_at", "updated_at") VALUES (?, ?, ?, ?, ?)[0m  [["title", "The Haley College"], ["content", "Chuck Norris can use GOTO as much as he wants to. Telling him otherwise is considered harmful."], ["blog_id", 3], ["created_at", "2016-12-02 21:52:39.492301"], ["updated_at", "2016-12-02 21:52:39.492301"]]
  [1m[35m (75.6ms)[0m  commit transaction
  [1m[36mBlog Load (0.0ms)[0m  [1mSELECT  "blogs".* FROM "blogs" WHERE "blogs"."id" = ? LIMIT 1[0m  [["id", 3]]
  [1m[35m (1.0ms)[0m  begin transaction
  [1m[36mSQL (1.0ms)[0m  [1mINSERT INTO "posts" ("title", "content", "blog_id", "created_at", "updated_at") VALUES (?, ?, ?, ?, ?)[0m  [["title", "Cruickshank College"], ["content", "All arrays Chuck Norris declares are of infinite size, because Chuck Norris knows no bounds."], ["blog_id", 3], ["created_at", "2016-12-02 21:52:39.578623"], ["updated_at", "2016-12-02 21:52:39.578623"]]
  [1m[35m (87.0ms)[0m  commit transaction
  [1m[36mPost Load (1.0ms)[0m  [1mSELECT "posts".* FROM "posts"[0m
  [1m[35mBlog Load (1.0ms)[0m  SELECT "blogs".* FROM "blogs"
  [1m[36mBlog Load (1.0ms)[0m  [1mSELECT  "blogs".* FROM "blogs" WHERE "blogs"."id" = ? LIMIT 1[0m  [["id", 4]]
  [1m[35m (0.0ms)[0m  begin transaction
  [1m[36mSQL (2.1ms)[0m  [1mINSERT INTO "posts" ("title", "content", "blog_id", "created_at", "updated_at") VALUES (?, ?, ?, ?, ?)[0m  [["title", "Southern Welch University"], ["content", "There is no Esc key on Chuck Norris' keyboard, because no one escapes Chuck Norris."], ["blog_id", 4], ["created_at", "2016-12-02 21:53:26.296271"], ["updated_at", "2016-12-02 21:53:26.296271"]]
  [1m[35m (98.7ms)[0m  commit transaction
  [1m[36mBlog Load (1.0ms)[0m  [1mSELECT  "blogs".* FROM "blogs" WHERE "blogs"."id" = ? LIMIT 1[0m  [["id", 4]]
  [1m[35m (0.0ms)[0m  begin transaction
  [1m[36mSQL (3.5ms)[0m  [1mINSERT INTO "posts" ("title", "content", "blog_id", "created_at", "updated_at") VALUES (?, ?, ?, ?, ?)[0m  [["title", "South Corkery Academy"], ["content", "For Chuck Norris, NP-Hard = O(1)."], ["blog_id", 4], ["created_at", "2016-12-02 21:53:26.406789"], ["updated_at", "2016-12-02 21:53:26.406789"]]
  [1m[35m (71.2ms)[0m  commit transaction
  [1m[36mBlog Load (1.0ms)[0m  [1mSELECT  "blogs".* FROM "blogs" WHERE "blogs"."id" = ? LIMIT 1[0m  [["id", 4]]
  [1m[35m (0.0ms)[0m  begin transaction
  [1m[36mSQL (4.0ms)[0m  [1mINSERT INTO "posts" ("title", "content", "blog_id", "created_at", "updated_at") VALUES (?, ?, ?, ?, ?)[0m  [["title", "Kertzmann College"], ["content", "Chuck Norris can use GOTO as much as he wants to. Telling him otherwise is considered harmful."], ["blog_id", 4], ["created_at", "2016-12-02 21:53:26.494488"], ["updated_at", "2016-12-02 21:53:26.494488"]]
  [1m[35m (84.2ms)[0m  commit transaction
  [1m[36mBlog Load (0.0ms)[0m  [1mSELECT  "blogs".* FROM "blogs" WHERE "blogs"."id" = ? LIMIT 1[0m  [["id", 4]]
  [1m[35m (0.0ms)[0m  begin transaction
  [1m[36mSQL (2.0ms)[0m  [1mINSERT INTO "posts" ("title", "content", "blog_id", "created_at", "updated_at") VALUES (?, ?, ?, ?, ?)[0m  [["title", "South Kertzmann"], ["content", "Chuck Norris' protocol design method has no status, requests or responses, only commands."], ["blog_id", 4], ["created_at", "2016-12-02 21:53:26.589732"], ["updated_at", "2016-12-02 21:53:26.589732"]]
  [1m[35m (69.3ms)[0m  commit transaction
  [1m[36mBlog Load (0.5ms)[0m  [1mSELECT  "blogs".* FROM "blogs" WHERE "blogs"."id" = ? LIMIT 1[0m  [["id", 5]]
  [1m[35m (0.0ms)[0m  begin transaction
  [1m[36mSQL (1.9ms)[0m  [1mINSERT INTO "posts" ("title", "content", "blog_id", "created_at", "updated_at") VALUES (?, ?, ?, ?, ?)[0m  [["title", "Southern Welch"], ["content", "Chuck Norris doesn't program with a keyboard. He stares the computer down until it does what he wants."], ["blog_id", 5], ["created_at", "2016-12-02 21:53:41.654561"], ["updated_at", "2016-12-02 21:53:41.654561"]]
  [1m[35m (85.4ms)[0m  commit transaction
  [1m[36mBlog Load (0.5ms)[0m  [1mSELECT  "blogs".* FROM "blogs" WHERE "blogs"."id" = ? LIMIT 1[0m  [["id", 5]]
  [1m[35m (0.5ms)[0m  begin transaction
  [1m[36mSQL (3.0ms)[0m  [1mINSERT INTO "posts" ("title", "content", "blog_id", "created_at", "updated_at") VALUES (?, ?, ?, ?, ?)[0m  [["title", "East Oklahoma University"], ["content", "Chuck Norris can access the DB from the UI."], ["blog_id", 5], ["created_at", "2016-12-02 21:53:41.748843"], ["updated_at", "2016-12-02 21:53:41.748843"]]
  [1m[35m (72.6ms)[0m  commit transaction
  [1m[36mPost Load (0.0ms)[0m  [1mSELECT "posts".* FROM "posts"[0m
  [1m[35mPost Load (0.0ms)[0m  SELECT  "posts".* FROM "posts"  ORDER BY "posts"."id" ASC LIMIT 1
  [1m[36m (0.0ms)[0m  [1mbegin transaction[0m
  [1m[35mSQL (3.0ms)[0m  INSERT INTO "messages" ("author", "message", "post_id", "created_at", "updated_at") VALUES (?, ?, ?, ?, ?)  [["author", "Lagoon Nebula"], ["message", "Shut him up or shut him down."], ["post_id", 1], ["created_at", "2016-12-02 21:56:35.235791"], ["updated_at", "2016-12-02 21:56:35.235791"]]
  [1m[36m (101.5ms)[0m  [1mcommit transaction[0m
  [1m[35mPost Load (1.0ms)[0m  SELECT  "posts".* FROM "posts"  ORDER BY "posts"."id" ASC LIMIT 1
  [1m[36m (1.0ms)[0m  [1mbegin transaction[0m
  [1m[35mSQL (4.0ms)[0m  INSERT INTO "messages" ("author", "message", "post_id", "created_at", "updated_at") VALUES (?, ?, ?, ?, ?)  [["author", "Eagle Nebula"], ["message", "You'll find I'm full of surprises!"], ["post_id", 1], ["created_at", "2016-12-02 21:56:35.349895"], ["updated_at", "2016-12-02 21:56:35.349895"]]
  [1m[36m (70.4ms)[0m  [1mcommit transaction[0m
  [1m[35mPost Load (1.0ms)[0m  SELECT  "posts".* FROM "posts"  ORDER BY "posts"."id" ASC LIMIT 1
  [1m[36m (1.0ms)[0m  [1mbegin transaction[0m
  [1m[35mSQL (4.0ms)[0m  INSERT INTO "messages" ("author", "message", "post_id", "created_at", "updated_at") VALUES (?, ?, ?, ?, ?)  [["author", "Lagoon Nebula"], ["message", "No reward is worth this."], ["post_id", 1], ["created_at", "2016-12-02 21:56:35.437301"], ["updated_at", "2016-12-02 21:56:35.437301"]]
  [1m[36m (72.0ms)[0m  [1mcommit transaction[0m
  [1m[35mPost Load (1.0ms)[0m  SELECT  "posts".* FROM "posts"  ORDER BY "posts"."id" ASC LIMIT 1
  [1m[36m (0.0ms)[0m  [1mbegin transaction[0m
  [1m[35mSQL (1.0ms)[0m  INSERT INTO "messages" ("author", "message", "post_id", "created_at", "updated_at") VALUES (?, ?, ?, ?, ?)  [["author", "Bodes Nebula"], ["message", "Fear is the path to the dark side... fear leads to anger... anger leads to hate... hate leads to suffering."], ["post_id", 1], ["created_at", "2016-12-02 21:56:35.521290"], ["updated_at", "2016-12-02 21:56:35.521290"]]
  [1m[36m (59.8ms)[0m  [1mcommit transaction[0m
  [1m[35mMessage Load (1.0ms)[0m  SELECT "messages".* FROM "messages"
  [1m[36mBlog Load (1.0ms)[0m  [1mSELECT  "blogs".* FROM "blogs"  ORDER BY "blogs"."id" ASC LIMIT 1[0m
  [1m[35mPost Load (0.0ms)[0m  SELECT "posts".* FROM "posts" WHERE "posts"."blog_id" = ?  [["blog_id", 1]]
  [1m[36mBlog Load (1.0ms)[0m  [1mSELECT  "blogs".* FROM "blogs"  ORDER BY "blogs"."id" DESC LIMIT 1[0m
  [1m[35mPost Load (0.0ms)[0m  SELECT "posts".* FROM "posts" WHERE "posts"."blog_id" = ?  ORDER BY "posts"."title" DESC  [["blog_id", 5]]
  [1m[36mPost Load (0.0ms)[0m  [1mSELECT  "posts".* FROM "posts"  ORDER BY "posts"."id" ASC LIMIT 1[0m
  [1m[35mPost Load (0.5ms)[0m  SELECT  "posts".* FROM "posts"  ORDER BY "posts"."id" ASC LIMIT 1
  [1m[36m (0.5ms)[0m  [1mbegin transaction[0m
  [1m[35mSQL (2.4ms)[0m  UPDATE "posts" SET "title" = ?, "updated_at" = ? WHERE "posts"."id" = ?  [["title", "The Uniersity of Stuff"], ["updated_at", "2016-12-02 22:00:23.169649"], ["id", 1]]
  [1m[36m (87.2ms)[0m  [1mcommit transaction[0m
  [1m[35mPost Load (1.0ms)[0m  SELECT  "posts".* FROM "posts"  ORDER BY "posts"."id" ASC LIMIT 1
  [1m[36mPost Load (0.0ms)[0m  [1mSELECT  "posts".* FROM "posts"  ORDER BY "posts"."id" ASC LIMIT 1 OFFSET 2[0m
  [1m[35m (0.0ms)[0m  begin transaction
  [1m[36mSQL (2.1ms)[0m  [1mINSERT INTO "messages" ("author", "message", "post_id", "created_at", "updated_at") VALUES (?, ?, ?, ?, ?)[0m  [["author", "Anton the Author"], ["message", "there is a long message here toDELETE"], ["post_id", 3], ["created_at", "2016-12-02 22:01:52.784225"], ["updated_at", "2016-12-02 22:01:52.784225"]]
  [1m[35m (85.9ms)[0m  commit transaction
  [1m[36mMessage Load (0.0ms)[0m  [1mSELECT "messages".* FROM "messages"[0m
  [1m[35mPost Load (1.0ms)[0m  SELECT  "posts".* FROM "posts"  ORDER BY "posts"."id" ASC LIMIT 1 OFFSET 2
  [1m[36m (0.0ms)[0m  [1mbegin transaction[0m
  [1m[35mMessage Load (0.0ms)[0m  SELECT "messages".* FROM "messages" WHERE "messages"."post_id" = ?  [["post_id", 3]]
  [1m[36mSQL (2.0ms)[0m  [1mDELETE FROM "messages" WHERE "messages"."id" = ?[0m  [["id", 5]]
  [1m[35mSQL (0.0ms)[0m  DELETE FROM "posts" WHERE "posts"."id" = ?  [["id", 3]]
  [1m[36m (96.8ms)[0m  [1mcommit transaction[0m
  [1m[35mMessage Load (0.0ms)[0m  SELECT "messages".* FROM "messages"
  [1m[36mBlog Load (0.5ms)[0m  [1mSELECT "blogs".* FROM "blogs"[0m
  [1m[35mBlog Load (0.0ms)[0m  SELECT "blogs".* FROM "blogs" WHERE (id<5)
